{"D:\\esmagico\\backend\\src\\app.js": {"path":"D:\\esmagico\\backend\\src\\app.js","statementMap":{"0":{"start":{"line":7,"column":14},"end":{"line":7,"column":23}},"1":{"start":{"line":8,"column":17},"end":{"line":8,"column":49}},"2":{"start":{"line":9,"column":2},"end":{"line":14,"column":4}},"3":{"start":{"line":15,"column":2},"end":{"line":15,"column":42}},"4":{"start":{"line":17,"column":2},"end":{"line":19,"column":5}},"5":{"start":{"line":18,"column":4},"end":{"line":18,"column":56}},"6":{"start":{"line":21,"column":2},"end":{"line":21,"column":35}},"7":{"start":{"line":22,"column":2},"end":{"line":22,"column":42}},"8":{"start":{"line":24,"column":2},"end":{"line":27,"column":5}},"9":{"start":{"line":25,"column":4},"end":{"line":25,"column":23}},"10":{"start":{"line":26,"column":4},"end":{"line":26,"column":77}},"11":{"start":{"line":29,"column":2},"end":{"line":29,"column":13}}},"fnMap":{"0":{"name":"createApp","decl":{"start":{"line":6,"column":16},"end":{"line":6,"column":25}},"loc":{"start":{"line":6,"column":28},"end":{"line":30,"column":1}},"line":6},"1":{"name":"(anonymous_1)","decl":{"start":{"line":17,"column":21},"end":{"line":17,"column":22}},"loc":{"start":{"line":17,"column":36},"end":{"line":19,"column":3}},"line":17},"2":{"name":"(anonymous_2)","decl":{"start":{"line":24,"column":10},"end":{"line":24,"column":11}},"loc":{"start":{"line":24,"column":37},"end":{"line":27,"column":3}},"line":24}},"branchMap":{"0":{"loc":{"start":{"line":8,"column":17},"end":{"line":8,"column":49}},"type":"binary-expr","locations":[{"start":{"line":8,"column":17},"end":{"line":8,"column":41}},{"start":{"line":8,"column":45},"end":{"line":8,"column":49}}],"line":8}},"s":{"0":0,"1":0,"2":0,"3":0,"4":0,"5":0,"6":0,"7":0,"8":0,"9":0,"10":0,"11":0},"f":{"0":0,"1":0,"2":0},"b":{"0":[0,0]},"inputSourceMap":null}
,"D:\\esmagico\\backend\\src\\config\\db.js": {"path":"D:\\esmagico\\backend\\src\\config\\db.js","statementMap":{"0":{"start":{"line":4,"column":14},"end":{"line":4,"column":35}},"1":{"start":{"line":5,"column":2},"end":{"line":7,"column":3}},"2":{"start":{"line":6,"column":4},"end":{"line":6,"column":59}},"3":{"start":{"line":8,"column":2},"end":{"line":8,"column":36}},"4":{"start":{"line":9,"column":2},"end":{"line":9,"column":30}}},"fnMap":{"0":{"name":"connectDb","decl":{"start":{"line":3,"column":22},"end":{"line":3,"column":31}},"loc":{"start":{"line":3,"column":34},"end":{"line":10,"column":1}},"line":3}},"branchMap":{"0":{"loc":{"start":{"line":5,"column":2},"end":{"line":7,"column":3}},"type":"if","locations":[{"start":{"line":5,"column":2},"end":{"line":7,"column":3}},{"start":{},"end":{}}],"line":5}},"s":{"0":0,"1":0,"2":0,"3":0,"4":0},"f":{"0":0},"b":{"0":[0,0]},"inputSourceMap":null}
,"D:\\esmagico\\backend\\src\\controllers\\auditController.js": {"path":"D:\\esmagico\\backend\\src\\controllers\\auditController.js","statementMap":{"0":{"start":{"line":5,"column":2},"end":{"line":12,"column":3}},"1":{"start":{"line":6,"column":17},"end":{"line":8,"column":6}},"2":{"start":{"line":9,"column":4},"end":{"line":9,"column":29}},"3":{"start":{"line":11,"column":4},"end":{"line":11,"column":49}},"4":{"start":{"line":16,"column":2},"end":{"line":23,"column":3}},"5":{"start":{"line":17,"column":17},"end":{"line":19,"column":6}},"6":{"start":{"line":20,"column":4},"end":{"line":20,"column":29}},"7":{"start":{"line":22,"column":4},"end":{"line":22,"column":49}}},"fnMap":{"0":{"name":"getAuditLogs","decl":{"start":{"line":4,"column":22},"end":{"line":4,"column":34}},"loc":{"start":{"line":4,"column":45},"end":{"line":13,"column":1}},"line":4},"1":{"name":"getWebhookLogs","decl":{"start":{"line":15,"column":22},"end":{"line":15,"column":36}},"loc":{"start":{"line":15,"column":47},"end":{"line":24,"column":1}},"line":15}},"branchMap":{"0":{"loc":{"start":{"line":11,"column":32},"end":{"line":11,"column":47}},"type":"binary-expr","locations":[{"start":{"line":11,"column":32},"end":{"line":11,"column":40}},{"start":{"line":11,"column":44},"end":{"line":11,"column":47}}],"line":11},"1":{"loc":{"start":{"line":22,"column":32},"end":{"line":22,"column":47}},"type":"binary-expr","locations":[{"start":{"line":22,"column":32},"end":{"line":22,"column":40}},{"start":{"line":22,"column":44},"end":{"line":22,"column":47}}],"line":22}},"s":{"0":0,"1":0,"2":0,"3":0,"4":0,"5":0,"6":0,"7":0},"f":{"0":0,"1":0},"b":{"0":[0,0],"1":[0,0]},"inputSourceMap":null}
,"D:\\esmagico\\backend\\src\\controllers\\authController.js": {"path":"D:\\esmagico\\backend\\src\\controllers\\authController.js","statementMap":{"0":{"start":{"line":6,"column":2},"end":{"line":13,"column":3}},"1":{"start":{"line":7,"column":38},"end":{"line":7,"column":46}},"2":{"start":{"line":8,"column":17},"end":{"line":8,"column":56}},"3":{"start":{"line":9,"column":18},"end":{"line":9,"column":41}},"4":{"start":{"line":10,"column":4},"end":{"line":10,"column":57}},"5":{"start":{"line":12,"column":4},"end":{"line":12,"column":49}},"6":{"start":{"line":17,"column":2},"end":{"line":24,"column":3}},"7":{"start":{"line":18,"column":32},"end":{"line":18,"column":40}},"8":{"start":{"line":19,"column":17},"end":{"line":19,"column":49}},"9":{"start":{"line":20,"column":18},"end":{"line":20,"column":41}},"10":{"start":{"line":21,"column":4},"end":{"line":21,"column":57}},"11":{"start":{"line":23,"column":4},"end":{"line":23,"column":49}},"12":{"start":{"line":28,"column":2},"end":{"line":34,"column":3}},"13":{"start":{"line":29,"column":17},"end":{"line":29,"column":49}},"14":{"start":{"line":30,"column":4},"end":{"line":30,"column":55}},"15":{"start":{"line":30,"column":15},"end":{"line":30,"column":55}},"16":{"start":{"line":31,"column":4},"end":{"line":31,"column":50}},"17":{"start":{"line":33,"column":4},"end":{"line":33,"column":37}}},"fnMap":{"0":{"name":"postSignup","decl":{"start":{"line":5,"column":22},"end":{"line":5,"column":32}},"loc":{"start":{"line":5,"column":43},"end":{"line":14,"column":1}},"line":5},"1":{"name":"postLogin","decl":{"start":{"line":16,"column":22},"end":{"line":16,"column":31}},"loc":{"start":{"line":16,"column":42},"end":{"line":25,"column":1}},"line":16},"2":{"name":"getMe","decl":{"start":{"line":27,"column":22},"end":{"line":27,"column":27}},"loc":{"start":{"line":27,"column":38},"end":{"line":35,"column":1}},"line":27}},"branchMap":{"0":{"loc":{"start":{"line":12,"column":32},"end":{"line":12,"column":47}},"type":"binary-expr","locations":[{"start":{"line":12,"column":32},"end":{"line":12,"column":40}},{"start":{"line":12,"column":44},"end":{"line":12,"column":47}}],"line":12},"1":{"loc":{"start":{"line":23,"column":32},"end":{"line":23,"column":47}},"type":"binary-expr","locations":[{"start":{"line":23,"column":32},"end":{"line":23,"column":40}},{"start":{"line":23,"column":44},"end":{"line":23,"column":47}}],"line":23},"2":{"loc":{"start":{"line":30,"column":4},"end":{"line":30,"column":55}},"type":"if","locations":[{"start":{"line":30,"column":4},"end":{"line":30,"column":55}},{"start":{},"end":{}}],"line":30}},"s":{"0":0,"1":0,"2":0,"3":0,"4":0,"5":0,"6":0,"7":0,"8":0,"9":0,"10":0,"11":0,"12":0,"13":0,"14":0,"15":0,"16":0,"17":0},"f":{"0":0,"1":0,"2":0},"b":{"0":[0,0],"1":[0,0],"2":[0,0]},"inputSourceMap":null}
,"D:\\esmagico\\backend\\src\\controllers\\orchestrationController.js": {"path":"D:\\esmagico\\backend\\src\\controllers\\orchestrationController.js","statementMap":{"0":{"start":{"line":5,"column":2},"end":{"line":10,"column":3}},"1":{"start":{"line":6,"column":19},"end":{"line":6,"column":79}},"2":{"start":{"line":7,"column":4},"end":{"line":7,"column":27}},"3":{"start":{"line":9,"column":4},"end":{"line":9,"column":49}},"4":{"start":{"line":14,"column":2},"end":{"line":32,"column":3}},"5":{"start":{"line":15,"column":19},"end":{"line":18,"column":6}},"6":{"start":{"line":19,"column":4},"end":{"line":21,"column":5}},"7":{"start":{"line":20,"column":6},"end":{"line":20,"column":42}},"8":{"start":{"line":22,"column":4},"end":{"line":29,"column":7}},"9":{"start":{"line":31,"column":4},"end":{"line":31,"column":49}}},"fnMap":{"0":{"name":"postComputeExecution","decl":{"start":{"line":4,"column":22},"end":{"line":4,"column":42}},"loc":{"start":{"line":4,"column":53},"end":{"line":11,"column":1}},"line":4},"1":{"name":"postSimulate","decl":{"start":{"line":13,"column":22},"end":{"line":13,"column":34}},"loc":{"start":{"line":13,"column":45},"end":{"line":33,"column":1}},"line":13}},"branchMap":{"0":{"loc":{"start":{"line":9,"column":32},"end":{"line":9,"column":47}},"type":"binary-expr","locations":[{"start":{"line":9,"column":32},"end":{"line":9,"column":40}},{"start":{"line":9,"column":44},"end":{"line":9,"column":47}}],"line":9},"1":{"loc":{"start":{"line":19,"column":4},"end":{"line":21,"column":5}},"type":"if","locations":[{"start":{"line":19,"column":4},"end":{"line":21,"column":5}},{"start":{},"end":{}}],"line":19},"2":{"loc":{"start":{"line":31,"column":32},"end":{"line":31,"column":47}},"type":"binary-expr","locations":[{"start":{"line":31,"column":32},"end":{"line":31,"column":40}},{"start":{"line":31,"column":44},"end":{"line":31,"column":47}}],"line":31}},"s":{"0":0,"1":0,"2":0,"3":0,"4":0,"5":0,"6":0,"7":0,"8":0,"9":0},"f":{"0":0,"1":0},"b":{"0":[0,0],"1":[0,0],"2":[0,0]},"inputSourceMap":null}
,"D:\\esmagico\\backend\\src\\controllers\\projectController.js": {"path":"D:\\esmagico\\backend\\src\\controllers\\projectController.js","statementMap":{"0":{"start":{"line":12,"column":2},"end":{"line":21,"column":3}},"1":{"start":{"line":13,"column":20},"end":{"line":17,"column":6}},"2":{"start":{"line":18,"column":4},"end":{"line":18,"column":61}},"3":{"start":{"line":20,"column":4},"end":{"line":20,"column":49}},"4":{"start":{"line":25,"column":2},"end":{"line":30,"column":3}},"5":{"start":{"line":26,"column":21},"end":{"line":26,"column":59}},"6":{"start":{"line":27,"column":4},"end":{"line":27,"column":72}},"7":{"start":{"line":27,"column":51},"end":{"line":27,"column":67}},"8":{"start":{"line":29,"column":4},"end":{"line":29,"column":37}},"9":{"start":{"line":34,"column":2},"end":{"line":40,"column":3}},"10":{"start":{"line":35,"column":20},"end":{"line":35,"column":79}},"11":{"start":{"line":36,"column":4},"end":{"line":36,"column":78}},"12":{"start":{"line":36,"column":18},"end":{"line":36,"column":78}},"13":{"start":{"line":37,"column":4},"end":{"line":37,"column":56}},"14":{"start":{"line":39,"column":4},"end":{"line":39,"column":37}},"15":{"start":{"line":44,"column":2},"end":{"line":52,"column":3}},"16":{"start":{"line":45,"column":20},"end":{"line":48,"column":6}},"17":{"start":{"line":49,"column":4},"end":{"line":49,"column":56}},"18":{"start":{"line":51,"column":4},"end":{"line":51,"column":49}},"19":{"start":{"line":56,"column":2},"end":{"line":61,"column":3}},"20":{"start":{"line":57,"column":40},"end":{"line":57,"column":95}},"21":{"start":{"line":58,"column":4},"end":{"line":58,"column":61}},"22":{"start":{"line":60,"column":4},"end":{"line":60,"column":49}},"23":{"start":{"line":65,"column":2},"end":{"line":70,"column":3}},"24":{"start":{"line":66,"column":20},"end":{"line":66,"column":75}},"25":{"start":{"line":67,"column":4},"end":{"line":67,"column":56}},"26":{"start":{"line":69,"column":4},"end":{"line":69,"column":49}}},"fnMap":{"0":{"name":"postCreateProject","decl":{"start":{"line":11,"column":22},"end":{"line":11,"column":39}},"loc":{"start":{"line":11,"column":50},"end":{"line":22,"column":1}},"line":11},"1":{"name":"getProjects","decl":{"start":{"line":24,"column":22},"end":{"line":24,"column":33}},"loc":{"start":{"line":24,"column":44},"end":{"line":31,"column":1}},"line":24},"2":{"name":"(anonymous_2)","decl":{"start":{"line":27,"column":44},"end":{"line":27,"column":45}},"loc":{"start":{"line":27,"column":51},"end":{"line":27,"column":67}},"line":27},"3":{"name":"getProject","decl":{"start":{"line":33,"column":22},"end":{"line":33,"column":32}},"loc":{"start":{"line":33,"column":43},"end":{"line":41,"column":1}},"line":33},"4":{"name":"patchWebhook","decl":{"start":{"line":43,"column":22},"end":{"line":43,"column":34}},"loc":{"start":{"line":43,"column":45},"end":{"line":53,"column":1}},"line":43},"5":{"name":"postInvite","decl":{"start":{"line":55,"column":22},"end":{"line":55,"column":32}},"loc":{"start":{"line":55,"column":43},"end":{"line":62,"column":1}},"line":55},"6":{"name":"postJoin","decl":{"start":{"line":64,"column":22},"end":{"line":64,"column":30}},"loc":{"start":{"line":64,"column":41},"end":{"line":71,"column":1}},"line":64}},"branchMap":{"0":{"loc":{"start":{"line":20,"column":32},"end":{"line":20,"column":47}},"type":"binary-expr","locations":[{"start":{"line":20,"column":32},"end":{"line":20,"column":40}},{"start":{"line":20,"column":44},"end":{"line":20,"column":47}}],"line":20},"1":{"loc":{"start":{"line":36,"column":4},"end":{"line":36,"column":78}},"type":"if","locations":[{"start":{"line":36,"column":4},"end":{"line":36,"column":78}},{"start":{},"end":{}}],"line":36},"2":{"loc":{"start":{"line":51,"column":32},"end":{"line":51,"column":47}},"type":"binary-expr","locations":[{"start":{"line":51,"column":32},"end":{"line":51,"column":40}},{"start":{"line":51,"column":44},"end":{"line":51,"column":47}}],"line":51},"3":{"loc":{"start":{"line":60,"column":32},"end":{"line":60,"column":47}},"type":"binary-expr","locations":[{"start":{"line":60,"column":32},"end":{"line":60,"column":40}},{"start":{"line":60,"column":44},"end":{"line":60,"column":47}}],"line":60},"4":{"loc":{"start":{"line":69,"column":32},"end":{"line":69,"column":47}},"type":"binary-expr","locations":[{"start":{"line":69,"column":32},"end":{"line":69,"column":40}},{"start":{"line":69,"column":44},"end":{"line":69,"column":47}}],"line":69}},"s":{"0":0,"1":0,"2":0,"3":0,"4":0,"5":0,"6":0,"7":0,"8":0,"9":0,"10":0,"11":0,"12":0,"13":0,"14":0,"15":0,"16":0,"17":0,"18":0,"19":0,"20":0,"21":0,"22":0,"23":0,"24":0,"25":0,"26":0},"f":{"0":0,"1":0,"2":0,"3":0,"4":0,"5":0,"6":0},"b":{"0":[0,0],"1":[0,0],"2":[0,0],"3":[0,0],"4":[0,0]},"inputSourceMap":null}
,"D:\\esmagico\\backend\\src\\controllers\\taskController.js": {"path":"D:\\esmagico\\backend\\src\\controllers\\taskController.js","statementMap":{"0":{"start":{"line":11,"column":2},"end":{"line":16,"column":3}},"1":{"start":{"line":12,"column":18},"end":{"line":12,"column":68}},"2":{"start":{"line":13,"column":4},"end":{"line":13,"column":30}},"3":{"start":{"line":15,"column":4},"end":{"line":15,"column":49}},"4":{"start":{"line":20,"column":2},"end":{"line":25,"column":3}},"5":{"start":{"line":21,"column":17},"end":{"line":21,"column":78}},"6":{"start":{"line":22,"column":4},"end":{"line":22,"column":34}},"7":{"start":{"line":24,"column":4},"end":{"line":24,"column":49}},"8":{"start":{"line":29,"column":2},"end":{"line":41,"column":3}},"9":{"start":{"line":30,"column":17},"end":{"line":30,"column":97}},"10":{"start":{"line":31,"column":4},"end":{"line":31,"column":29}},"11":{"start":{"line":33,"column":4},"end":{"line":39,"column":5}},"12":{"start":{"line":34,"column":6},"end":{"line":38,"column":9}},"13":{"start":{"line":40,"column":4},"end":{"line":40,"column":49}},"14":{"start":{"line":45,"column":2},"end":{"line":57,"column":3}},"15":{"start":{"line":46,"column":17},"end":{"line":46,"column":96}},"16":{"start":{"line":47,"column":4},"end":{"line":47,"column":29}},"17":{"start":{"line":49,"column":4},"end":{"line":55,"column":5}},"18":{"start":{"line":50,"column":6},"end":{"line":54,"column":9}},"19":{"start":{"line":56,"column":4},"end":{"line":56,"column":49}},"20":{"start":{"line":61,"column":2},"end":{"line":66,"column":3}},"21":{"start":{"line":62,"column":20},"end":{"line":62,"column":94}},"22":{"start":{"line":63,"column":4},"end":{"line":63,"column":32}},"23":{"start":{"line":65,"column":4},"end":{"line":65,"column":49}}},"fnMap":{"0":{"name":"getTasks","decl":{"start":{"line":10,"column":22},"end":{"line":10,"column":30}},"loc":{"start":{"line":10,"column":41},"end":{"line":17,"column":1}},"line":10},"1":{"name":"postTask","decl":{"start":{"line":19,"column":22},"end":{"line":19,"column":30}},"loc":{"start":{"line":19,"column":41},"end":{"line":26,"column":1}},"line":19},"2":{"name":"patchTask","decl":{"start":{"line":28,"column":22},"end":{"line":28,"column":31}},"loc":{"start":{"line":28,"column":42},"end":{"line":42,"column":1}},"line":28},"3":{"name":"postRetryTask","decl":{"start":{"line":44,"column":22},"end":{"line":44,"column":35}},"loc":{"start":{"line":44,"column":46},"end":{"line":58,"column":1}},"line":44},"4":{"name":"getHistory","decl":{"start":{"line":60,"column":22},"end":{"line":60,"column":32}},"loc":{"start":{"line":60,"column":43},"end":{"line":67,"column":1}},"line":60}},"branchMap":{"0":{"loc":{"start":{"line":15,"column":32},"end":{"line":15,"column":47}},"type":"binary-expr","locations":[{"start":{"line":15,"column":32},"end":{"line":15,"column":40}},{"start":{"line":15,"column":44},"end":{"line":15,"column":47}}],"line":15},"1":{"loc":{"start":{"line":24,"column":32},"end":{"line":24,"column":47}},"type":"binary-expr","locations":[{"start":{"line":24,"column":32},"end":{"line":24,"column":40}},{"start":{"line":24,"column":44},"end":{"line":24,"column":47}}],"line":24},"2":{"loc":{"start":{"line":33,"column":4},"end":{"line":39,"column":5}},"type":"if","locations":[{"start":{"line":33,"column":4},"end":{"line":39,"column":5}},{"start":{},"end":{}}],"line":33},"3":{"loc":{"start":{"line":33,"column":8},"end":{"line":33,"column":36}},"type":"binary-expr","locations":[{"start":{"line":33,"column":8},"end":{"line":33,"column":24}},{"start":{"line":33,"column":28},"end":{"line":33,"column":36}}],"line":33},"4":{"loc":{"start":{"line":40,"column":32},"end":{"line":40,"column":47}},"type":"binary-expr","locations":[{"start":{"line":40,"column":32},"end":{"line":40,"column":40}},{"start":{"line":40,"column":44},"end":{"line":40,"column":47}}],"line":40},"5":{"loc":{"start":{"line":49,"column":4},"end":{"line":55,"column":5}},"type":"if","locations":[{"start":{"line":49,"column":4},"end":{"line":55,"column":5}},{"start":{},"end":{}}],"line":49},"6":{"loc":{"start":{"line":49,"column":8},"end":{"line":49,"column":36}},"type":"binary-expr","locations":[{"start":{"line":49,"column":8},"end":{"line":49,"column":24}},{"start":{"line":49,"column":28},"end":{"line":49,"column":36}}],"line":49},"7":{"loc":{"start":{"line":56,"column":32},"end":{"line":56,"column":47}},"type":"binary-expr","locations":[{"start":{"line":56,"column":32},"end":{"line":56,"column":40}},{"start":{"line":56,"column":44},"end":{"line":56,"column":47}}],"line":56},"8":{"loc":{"start":{"line":65,"column":32},"end":{"line":65,"column":47}},"type":"binary-expr","locations":[{"start":{"line":65,"column":32},"end":{"line":65,"column":40}},{"start":{"line":65,"column":44},"end":{"line":65,"column":47}}],"line":65}},"s":{"0":0,"1":0,"2":0,"3":0,"4":0,"5":0,"6":0,"7":0,"8":0,"9":0,"10":0,"11":0,"12":0,"13":0,"14":0,"15":0,"16":0,"17":0,"18":0,"19":0,"20":0,"21":0,"22":0,"23":0},"f":{"0":0,"1":0,"2":0,"3":0,"4":0},"b":{"0":[0,0],"1":[0,0],"2":[0,0],"3":[0,0],"4":[0,0],"5":[0,0],"6":[0,0],"7":[0,0],"8":[0,0]},"inputSourceMap":null}
,"D:\\esmagico\\backend\\src\\middleware\\authMiddleware.js": {"path":"D:\\esmagico\\backend\\src\\middleware\\authMiddleware.js","statementMap":{"0":{"start":{"line":6,"column":17},"end":{"line":6,"column":48}},"1":{"start":{"line":7,"column":16},"end":{"line":7,"column":69}},"2":{"start":{"line":8,"column":2},"end":{"line":10,"column":3}},"3":{"start":{"line":9,"column":4},"end":{"line":9,"column":53}},"4":{"start":{"line":11,"column":2},"end":{"line":22,"column":3}},"5":{"start":{"line":12,"column":20},"end":{"line":12,"column":42}},"6":{"start":{"line":13,"column":19},"end":{"line":13,"column":30}},"7":{"start":{"line":14,"column":17},"end":{"line":14,"column":44}},"8":{"start":{"line":15,"column":4},"end":{"line":17,"column":5}},"9":{"start":{"line":16,"column":6},"end":{"line":16,"column":46}},"10":{"start":{"line":18,"column":4},"end":{"line":18,"column":62}},"11":{"start":{"line":19,"column":4},"end":{"line":19,"column":11}},"12":{"start":{"line":21,"column":4},"end":{"line":21,"column":54}}},"fnMap":{"0":{"name":"requireAuth","decl":{"start":{"line":5,"column":22},"end":{"line":5,"column":33}},"loc":{"start":{"line":5,"column":50},"end":{"line":23,"column":1}},"line":5}},"branchMap":{"0":{"loc":{"start":{"line":6,"column":17},"end":{"line":6,"column":48}},"type":"binary-expr","locations":[{"start":{"line":6,"column":17},"end":{"line":6,"column":42}},{"start":{"line":6,"column":46},"end":{"line":6,"column":48}}],"line":6},"1":{"loc":{"start":{"line":7,"column":16},"end":{"line":7,"column":69}},"type":"cond-expr","locations":[{"start":{"line":7,"column":47},"end":{"line":7,"column":62}},{"start":{"line":7,"column":65},"end":{"line":7,"column":69}}],"line":7},"2":{"loc":{"start":{"line":8,"column":2},"end":{"line":10,"column":3}},"type":"if","locations":[{"start":{"line":8,"column":2},"end":{"line":10,"column":3}},{"start":{},"end":{}}],"line":8},"3":{"loc":{"start":{"line":15,"column":4},"end":{"line":17,"column":5}},"type":"if","locations":[{"start":{"line":15,"column":4},"end":{"line":17,"column":5}},{"start":{},"end":{}}],"line":15}},"s":{"0":0,"1":0,"2":0,"3":0,"4":0,"5":0,"6":0,"7":0,"8":0,"9":0,"10":0,"11":0,"12":0},"f":{"0":0},"b":{"0":[0,0],"1":[0,0],"2":[0,0],"3":[0,0]},"inputSourceMap":null}
,"D:\\esmagico\\backend\\src\\middleware\\validateRequest.js": {"path":"D:\\esmagico\\backend\\src\\middleware\\validateRequest.js","statementMap":{"0":{"start":{"line":5,"column":17},"end":{"line":5,"column":38}},"1":{"start":{"line":6,"column":2},"end":{"line":8,"column":3}},"2":{"start":{"line":7,"column":4},"end":{"line":7,"column":102}},"3":{"start":{"line":9,"column":2},"end":{"line":9,"column":9}}},"fnMap":{"0":{"name":"validateRequest","decl":{"start":{"line":4,"column":16},"end":{"line":4,"column":31}},"loc":{"start":{"line":4,"column":48},"end":{"line":10,"column":1}},"line":4}},"branchMap":{"0":{"loc":{"start":{"line":6,"column":2},"end":{"line":8,"column":3}},"type":"if","locations":[{"start":{"line":6,"column":2},"end":{"line":8,"column":3}},{"start":{},"end":{}}],"line":6},"1":{"loc":{"start":{"line":7,"column":21},"end":{"line":7,"column":66}},"type":"binary-expr","locations":[{"start":{"line":7,"column":21},"end":{"line":7,"column":43}},{"start":{"line":7,"column":47},"end":{"line":7,"column":66}}],"line":7}},"s":{"0":0,"1":0,"2":0,"3":0},"f":{"0":0},"b":{"0":[0,0],"1":[0,0]},"inputSourceMap":null}
,"D:\\esmagico\\backend\\src\\models\\AuditLog.js": {"path":"D:\\esmagico\\backend\\src\\models\\AuditLog.js","statementMap":{"0":{"start":{"line":3,"column":23},"end":{"line":13,"column":1}},"1":{"start":{"line":15,"column":0},"end":{"line":15,"column":40}},"2":{"start":{"line":16,"column":0},"end":{"line":16,"column":53}},"3":{"start":{"line":18,"column":24},"end":{"line":18,"column":66}}},"fnMap":{},"branchMap":{},"s":{"0":0,"1":0,"2":0,"3":0},"f":{},"b":{},"inputSourceMap":null}
,"D:\\esmagico\\backend\\src\\models\\Project.js": {"path":"D:\\esmagico\\backend\\src\\models\\Project.js","statementMap":{"0":{"start":{"line":3,"column":21},"end":{"line":10,"column":1}},"1":{"start":{"line":12,"column":22},"end":{"line":22,"column":1}},"2":{"start":{"line":24,"column":0},"end":{"line":24,"column":36}},"3":{"start":{"line":25,"column":0},"end":{"line":25,"column":45}},"4":{"start":{"line":27,"column":0},"end":{"line":43,"column":2}},"5":{"start":{"line":28,"column":2},"end":{"line":42,"column":4}},"6":{"start":{"line":33,"column":38},"end":{"line":37,"column":5}},"7":{"start":{"line":45,"column":23},"end":{"line":45,"column":63}}},"fnMap":{"0":{"name":"toPublicJSON","decl":{"start":{"line":27,"column":46},"end":{"line":27,"column":58}},"loc":{"start":{"line":27,"column":61},"end":{"line":43,"column":1}},"line":27},"1":{"name":"(anonymous_1)","decl":{"start":{"line":33,"column":30},"end":{"line":33,"column":31}},"loc":{"start":{"line":33,"column":38},"end":{"line":37,"column":5}},"line":33}},"branchMap":{"0":{"loc":{"start":{"line":39,"column":16},"end":{"line":39,"column":37}},"type":"binary-expr","locations":[{"start":{"line":39,"column":16},"end":{"line":39,"column":31}},{"start":{"line":39,"column":35},"end":{"line":39,"column":37}}],"line":39}},"s":{"0":0,"1":0,"2":0,"3":0,"4":0,"5":0,"6":0,"7":0},"f":{"0":0,"1":0},"b":{"0":[0,0]},"inputSourceMap":null}
,"D:\\esmagico\\backend\\src\\models\\Task.js": {"path":"D:\\esmagico\\backend\\src\\models\\Task.js","statementMap":{"0":{"start":{"line":3,"column":29},"end":{"line":3,"column":85}},"1":{"start":{"line":5,"column":19},"end":{"line":21,"column":1}},"2":{"start":{"line":23,"column":0},"end":{"line":23,"column":49}},"3":{"start":{"line":25,"column":0},"end":{"line":42,"column":2}},"4":{"start":{"line":26,"column":2},"end":{"line":41,"column":4}},"5":{"start":{"line":34,"column":47},"end":{"line":34,"column":59}},"6":{"start":{"line":44,"column":20},"end":{"line":44,"column":54}}},"fnMap":{"0":{"name":"toPublicJSON","decl":{"start":{"line":25,"column":43},"end":{"line":25,"column":55}},"loc":{"start":{"line":25,"column":58},"end":{"line":42,"column":1}},"line":25},"1":{"name":"(anonymous_1)","decl":{"start":{"line":34,"column":40},"end":{"line":34,"column":41}},"loc":{"start":{"line":34,"column":47},"end":{"line":34,"column":59}},"line":34}},"branchMap":{},"s":{"0":0,"1":0,"2":0,"3":0,"4":0,"5":0,"6":0},"f":{"0":0,"1":0},"b":{},"inputSourceMap":null}
,"D:\\esmagico\\backend\\src\\models\\TaskVersionHistory.js": {"path":"D:\\esmagico\\backend\\src\\models\\TaskVersionHistory.js","statementMap":{"0":{"start":{"line":3,"column":23},"end":{"line":16,"column":1}},"1":{"start":{"line":18,"column":33},"end":{"line":27,"column":1}},"2":{"start":{"line":29,"column":0},"end":{"line":29,"column":65}},"3":{"start":{"line":31,"column":34},"end":{"line":31,"column":96}}},"fnMap":{},"branchMap":{},"s":{"0":0,"1":0,"2":0,"3":0},"f":{},"b":{},"inputSourceMap":null}
,"D:\\esmagico\\backend\\src\\models\\User.js": {"path":"D:\\esmagico\\backend\\src\\models\\User.js","statementMap":{"0":{"start":{"line":3,"column":19},"end":{"line":10,"column":1}},"1":{"start":{"line":12,"column":0},"end":{"line":19,"column":2}},"2":{"start":{"line":13,"column":2},"end":{"line":18,"column":4}},"3":{"start":{"line":21,"column":20},"end":{"line":21,"column":54}}},"fnMap":{"0":{"name":"toPublicJSON","decl":{"start":{"line":12,"column":43},"end":{"line":12,"column":55}},"loc":{"start":{"line":12,"column":58},"end":{"line":19,"column":1}},"line":12}},"branchMap":{},"s":{"0":0,"1":0,"2":0,"3":0},"f":{"0":0},"b":{},"inputSourceMap":null}
,"D:\\esmagico\\backend\\src\\models\\WebhookDeliveryLog.js": {"path":"D:\\esmagico\\backend\\src\\models\\WebhookDeliveryLog.js","statementMap":{"0":{"start":{"line":3,"column":33},"end":{"line":15,"column":1}},"1":{"start":{"line":17,"column":34},"end":{"line":17,"column":96}}},"fnMap":{},"branchMap":{},"s":{"0":0,"1":0},"f":{},"b":{},"inputSourceMap":null}
,"D:\\esmagico\\backend\\src\\routes\\authRoutes.js": {"path":"D:\\esmagico\\backend\\src\\routes\\authRoutes.js","statementMap":{"0":{"start":{"line":7,"column":15},"end":{"line":7,"column":23}},"1":{"start":{"line":9,"column":0},"end":{"line":18,"column":2}},"2":{"start":{"line":20,"column":0},"end":{"line":28,"column":2}},"3":{"start":{"line":30,"column":0},"end":{"line":30,"column":38}}},"fnMap":{},"branchMap":{},"s":{"0":0,"1":0,"2":0,"3":0},"f":{},"b":{},"inputSourceMap":null}
,"D:\\esmagico\\backend\\src\\routes\\projectRoutes.js": {"path":"D:\\esmagico\\backend\\src\\routes\\projectRoutes.js","statementMap":{"0":{"start":{"line":17,"column":15},"end":{"line":17,"column":23}},"1":{"start":{"line":19,"column":0},"end":{"line":19,"column":24}},"2":{"start":{"line":21,"column":0},"end":{"line":26,"column":2}},"3":{"start":{"line":27,"column":0},"end":{"line":27,"column":29}},"4":{"start":{"line":28,"column":0},"end":{"line":33,"column":2}},"5":{"start":{"line":35,"column":0},"end":{"line":35,"column":38}},"6":{"start":{"line":36,"column":0},"end":{"line":44,"column":2}},"7":{"start":{"line":45,"column":0},"end":{"line":45,"column":46}},"8":{"start":{"line":46,"column":0},"end":{"line":46,"column":51}},"9":{"start":{"line":47,"column":0},"end":{"line":47,"column":55}},"10":{"start":{"line":49,"column":0},"end":{"line":49,"column":67}},"11":{"start":{"line":50,"column":0},"end":{"line":58,"column":2}},"12":{"start":{"line":60,"column":0},"end":{"line":60,"column":44}}},"fnMap":{},"branchMap":{},"s":{"0":0,"1":0,"2":0,"3":0,"4":0,"5":0,"6":0,"7":0,"8":0,"9":0,"10":0,"11":0,"12":0},"f":{},"b":{},"inputSourceMap":null}
,"D:\\esmagico\\backend\\src\\routes\\taskRoutes.js": {"path":"D:\\esmagico\\backend\\src\\routes\\taskRoutes.js","statementMap":{"0":{"start":{"line":12,"column":15},"end":{"line":12,"column":44}},"1":{"start":{"line":14,"column":22},"end":{"line":14,"column":78}},"2":{"start":{"line":16,"column":0},"end":{"line":16,"column":26}},"3":{"start":{"line":18,"column":0},"end":{"line":32,"column":2}},"4":{"start":{"line":34,"column":0},"end":{"line":50,"column":2}},"5":{"start":{"line":52,"column":0},"end":{"line":57,"column":2}},"6":{"start":{"line":59,"column":0},"end":{"line":59,"column":91}}},"fnMap":{},"branchMap":{},"s":{"0":0,"1":0,"2":0,"3":0,"4":0,"5":0,"6":0},"f":{},"b":{},"inputSourceMap":null}
,"D:\\esmagico\\backend\\src\\services\\auditQueryService.js": {"path":"D:\\esmagico\\backend\\src\\services\\auditQueryService.js","statementMap":{"0":{"start":{"line":6,"column":18},"end":{"line":6,"column":61}},"1":{"start":{"line":7,"column":2},"end":{"line":11,"column":3}},"2":{"start":{"line":8,"column":16},"end":{"line":8,"column":63}},"3":{"start":{"line":9,"column":4},"end":{"line":9,"column":21}},"4":{"start":{"line":10,"column":4},"end":{"line":10,"column":14}},"5":{"start":{"line":12,"column":15},"end":{"line":19,"column":47}},"6":{"start":{"line":21,"column":2},"end":{"line":29,"column":6}},"7":{"start":{"line":21,"column":26},"end":{"line":29,"column":3}},"8":{"start":{"line":33,"column":18},"end":{"line":33,"column":61}},"9":{"start":{"line":34,"column":2},"end":{"line":38,"column":3}},"10":{"start":{"line":35,"column":16},"end":{"line":35,"column":63}},"11":{"start":{"line":36,"column":4},"end":{"line":36,"column":21}},"12":{"start":{"line":37,"column":4},"end":{"line":37,"column":14}},"13":{"start":{"line":39,"column":15},"end":{"line":41,"column":46}},"14":{"start":{"line":42,"column":2},"end":{"line":51,"column":6}},"15":{"start":{"line":42,"column":26},"end":{"line":51,"column":3}}},"fnMap":{"0":{"name":"listAuditLogs","decl":{"start":{"line":5,"column":22},"end":{"line":5,"column":35}},"loc":{"start":{"line":5,"column":77},"end":{"line":30,"column":1}},"line":5},"1":{"name":"(anonymous_1)","decl":{"start":{"line":21,"column":18},"end":{"line":21,"column":19}},"loc":{"start":{"line":21,"column":26},"end":{"line":29,"column":3}},"line":21},"2":{"name":"listWebhookLogs","decl":{"start":{"line":32,"column":22},"end":{"line":32,"column":37}},"loc":{"start":{"line":32,"column":78},"end":{"line":52,"column":1}},"line":32},"3":{"name":"(anonymous_3)","decl":{"start":{"line":42,"column":18},"end":{"line":42,"column":19}},"loc":{"start":{"line":42,"column":26},"end":{"line":51,"column":3}},"line":42}},"branchMap":{"0":{"loc":{"start":{"line":5,"column":55},"end":{"line":5,"column":75}},"type":"default-arg","locations":[{"start":{"line":5,"column":73},"end":{"line":5,"column":75}}],"line":5},"1":{"loc":{"start":{"line":5,"column":57},"end":{"line":5,"column":68}},"type":"default-arg","locations":[{"start":{"line":5,"column":65},"end":{"line":5,"column":68}}],"line":5},"2":{"loc":{"start":{"line":7,"column":2},"end":{"line":11,"column":3}},"type":"if","locations":[{"start":{"line":7,"column":2},"end":{"line":11,"column":3}},{"start":{},"end":{}}],"line":7},"3":{"loc":{"start":{"line":19,"column":20},"end":{"line":19,"column":40}},"type":"binary-expr","locations":[{"start":{"line":19,"column":20},"end":{"line":19,"column":33}},{"start":{"line":19,"column":37},"end":{"line":19,"column":40}}],"line":19},"4":{"loc":{"start":{"line":23,"column":13},"end":{"line":23,"column":52}},"type":"cond-expr","locations":[{"start":{"line":23,"column":25},"end":{"line":23,"column":45}},{"start":{"line":23,"column":48},"end":{"line":23,"column":52}}],"line":23},"5":{"loc":{"start":{"line":32,"column":57},"end":{"line":32,"column":76}},"type":"default-arg","locations":[{"start":{"line":32,"column":74},"end":{"line":32,"column":76}}],"line":32},"6":{"loc":{"start":{"line":32,"column":59},"end":{"line":32,"column":69}},"type":"default-arg","locations":[{"start":{"line":32,"column":67},"end":{"line":32,"column":69}}],"line":32},"7":{"loc":{"start":{"line":34,"column":2},"end":{"line":38,"column":3}},"type":"if","locations":[{"start":{"line":34,"column":2},"end":{"line":38,"column":3}},{"start":{},"end":{}}],"line":34},"8":{"loc":{"start":{"line":41,"column":20},"end":{"line":41,"column":39}},"type":"binary-expr","locations":[{"start":{"line":41,"column":20},"end":{"line":41,"column":33}},{"start":{"line":41,"column":37},"end":{"line":41,"column":39}}],"line":41}},"s":{"0":0,"1":0,"2":0,"3":0,"4":0,"5":0,"6":0,"7":0,"8":0,"9":0,"10":0,"11":0,"12":0,"13":0,"14":0,"15":0},"f":{"0":0,"1":0,"2":0,"3":0},"b":{"0":[0],"1":[0],"2":[0,0],"3":[0,0],"4":[0,0],"5":[0],"6":[0],"7":[0,0],"8":[0,0]},"inputSourceMap":null}
,"D:\\esmagico\\backend\\src\\services\\auditService.js": {"path":"D:\\esmagico\\backend\\src\\services\\auditService.js","statementMap":{"0":{"start":{"line":4,"column":2},"end":{"line":11,"column":5}}},"fnMap":{"0":{"name":"logAudit","decl":{"start":{"line":3,"column":22},"end":{"line":3,"column":30}},"loc":{"start":{"line":3,"column":101},"end":{"line":12,"column":1}},"line":3}},"branchMap":{"0":{"loc":{"start":{"line":3,"column":33},"end":{"line":3,"column":47}},"type":"default-arg","locations":[{"start":{"line":3,"column":43},"end":{"line":3,"column":47}}],"line":3},"1":{"loc":{"start":{"line":3,"column":69},"end":{"line":3,"column":82}},"type":"default-arg","locations":[{"start":{"line":3,"column":80},"end":{"line":3,"column":82}}],"line":3},"2":{"loc":{"start":{"line":3,"column":84},"end":{"line":3,"column":97}},"type":"default-arg","locations":[{"start":{"line":3,"column":95},"end":{"line":3,"column":97}}],"line":3},"3":{"loc":{"start":{"line":8,"column":14},"end":{"line":8,"column":46}},"type":"cond-expr","locations":[{"start":{"line":8,"column":25},"end":{"line":8,"column":41}},{"start":{"line":8,"column":44},"end":{"line":8,"column":46}}],"line":8}},"s":{"0":0},"f":{"0":0},"b":{"0":[0],"1":[0],"2":[0],"3":[0,0]},"inputSourceMap":null}
,"D:\\esmagico\\backend\\src\\services\\authService.js": {"path":"D:\\esmagico\\backend\\src\\services\\authService.js","statementMap":{"0":{"start":{"line":6,"column":20},"end":{"line":6,"column":22}},"1":{"start":{"line":9,"column":19},"end":{"line":9,"column":69}},"2":{"start":{"line":10,"column":2},"end":{"line":14,"column":3}},"3":{"start":{"line":11,"column":16},"end":{"line":11,"column":53}},"4":{"start":{"line":12,"column":4},"end":{"line":12,"column":21}},"5":{"start":{"line":13,"column":4},"end":{"line":13,"column":14}},"6":{"start":{"line":15,"column":23},"end":{"line":15,"column":63}},"7":{"start":{"line":16,"column":15},"end":{"line":20,"column":4}},"8":{"start":{"line":21,"column":2},"end":{"line":27,"column":5}},"9":{"start":{"line":28,"column":2},"end":{"line":28,"column":14}},"10":{"start":{"line":32,"column":15},"end":{"line":32,"column":89}},"11":{"start":{"line":33,"column":2},"end":{"line":37,"column":3}},"12":{"start":{"line":34,"column":16},"end":{"line":34,"column":54}},"13":{"start":{"line":35,"column":4},"end":{"line":35,"column":21}},"14":{"start":{"line":36,"column":4},"end":{"line":36,"column":14}},"15":{"start":{"line":38,"column":2},"end":{"line":38,"column":14}},"16":{"start":{"line":42,"column":17},"end":{"line":42,"column":39}},"17":{"start":{"line":43,"column":2},"end":{"line":43,"column":63}},"18":{"start":{"line":43,"column":15},"end":{"line":43,"column":63}},"19":{"start":{"line":44,"column":2},"end":{"line":44,"column":72}},"20":{"start":{"line":48,"column":17},"end":{"line":48,"column":39}},"21":{"start":{"line":49,"column":2},"end":{"line":49,"column":63}},"22":{"start":{"line":49,"column":15},"end":{"line":49,"column":63}},"23":{"start":{"line":50,"column":2},"end":{"line":50,"column":35}}},"fnMap":{"0":{"name":"signup","decl":{"start":{"line":8,"column":22},"end":{"line":8,"column":28}},"loc":{"start":{"line":8,"column":56},"end":{"line":29,"column":1}},"line":8},"1":{"name":"login","decl":{"start":{"line":31,"column":22},"end":{"line":31,"column":27}},"loc":{"start":{"line":31,"column":49},"end":{"line":39,"column":1}},"line":31},"2":{"name":"signAuthToken","decl":{"start":{"line":41,"column":16},"end":{"line":41,"column":29}},"loc":{"start":{"line":41,"column":38},"end":{"line":45,"column":1}},"line":41},"3":{"name":"verifyAuthToken","decl":{"start":{"line":47,"column":16},"end":{"line":47,"column":31}},"loc":{"start":{"line":47,"column":39},"end":{"line":51,"column":1}},"line":47}},"branchMap":{"0":{"loc":{"start":{"line":10,"column":2},"end":{"line":14,"column":3}},"type":"if","locations":[{"start":{"line":10,"column":2},"end":{"line":14,"column":3}},{"start":{},"end":{}}],"line":10},"1":{"loc":{"start":{"line":19,"column":10},"end":{"line":19,"column":20}},"type":"binary-expr","locations":[{"start":{"line":19,"column":10},"end":{"line":19,"column":14}},{"start":{"line":19,"column":18},"end":{"line":19,"column":20}}],"line":19},"2":{"loc":{"start":{"line":33,"column":2},"end":{"line":37,"column":3}},"type":"if","locations":[{"start":{"line":33,"column":2},"end":{"line":37,"column":3}},{"start":{},"end":{}}],"line":33},"3":{"loc":{"start":{"line":33,"column":6},"end":{"line":33,"column":67}},"type":"binary-expr","locations":[{"start":{"line":33,"column":6},"end":{"line":33,"column":11}},{"start":{"line":33,"column":15},"end":{"line":33,"column":67}}],"line":33},"4":{"loc":{"start":{"line":43,"column":2},"end":{"line":43,"column":63}},"type":"if","locations":[{"start":{"line":43,"column":2},"end":{"line":43,"column":63}},{"start":{},"end":{}}],"line":43},"5":{"loc":{"start":{"line":49,"column":2},"end":{"line":49,"column":63}},"type":"if","locations":[{"start":{"line":49,"column":2},"end":{"line":49,"column":63}},{"start":{},"end":{}}],"line":49}},"s":{"0":0,"1":0,"2":0,"3":0,"4":0,"5":0,"6":0,"7":0,"8":0,"9":0,"10":0,"11":0,"12":0,"13":0,"14":0,"15":0,"16":0,"17":0,"18":0,"19":0,"20":0,"21":0,"22":0,"23":0},"f":{"0":0,"1":0,"2":0,"3":0},"b":{"0":[0,0],"1":[0,0],"2":[0,0],"3":[0,0],"4":[0,0],"5":[0,0]},"inputSourceMap":null}
,"D:\\esmagico\\backend\\src\\services\\dependencyGraph.js": {"path":"D:\\esmagico\\backend\\src\\services\\dependencyGraph.js","statementMap":{"0":{"start":{"line":7,"column":16},"end":{"line":7,"column":47}},"1":{"start":{"line":7,"column":41},"end":{"line":7,"column":45}},"2":{"start":{"line":8,"column":19},"end":{"line":8,"column":28}},"3":{"start":{"line":9,"column":14},"end":{"line":9,"column":23}},"4":{"start":{"line":11,"column":2},"end":{"line":14,"column":3}},"5":{"start":{"line":12,"column":4},"end":{"line":12,"column":74}},"6":{"start":{"line":12,"column":52},"end":{"line":12,"column":64}},"7":{"start":{"line":13,"column":4},"end":{"line":13,"column":42}},"8":{"start":{"line":13,"column":24},"end":{"line":13,"column":42}},"9":{"start":{"line":15,"column":2},"end":{"line":21,"column":3}},"10":{"start":{"line":16,"column":4},"end":{"line":20,"column":5}},"11":{"start":{"line":17,"column":6},"end":{"line":17,"column":34}},"12":{"start":{"line":17,"column":25},"end":{"line":17,"column":34}},"13":{"start":{"line":18,"column":6},"end":{"line":18,"column":38}},"14":{"start":{"line":18,"column":23},"end":{"line":18,"column":38}},"15":{"start":{"line":19,"column":6},"end":{"line":19,"column":28}},"16":{"start":{"line":23,"column":19},"end":{"line":23,"column":55}},"17":{"start":{"line":23,"column":44},"end":{"line":23,"column":53}},"18":{"start":{"line":26,"column":15},"end":{"line":26,"column":30}},"19":{"start":{"line":27,"column":15},"end":{"line":27,"column":30}},"20":{"start":{"line":28,"column":4},"end":{"line":28,"column":70}},"21":{"start":{"line":28,"column":37},"end":{"line":28,"column":70}},"22":{"start":{"line":29,"column":4},"end":{"line":29,"column":94}},"23":{"start":{"line":29,"column":49},"end":{"line":29,"column":94}},"24":{"start":{"line":30,"column":15},"end":{"line":30,"column":47}},"25":{"start":{"line":31,"column":15},"end":{"line":31,"column":47}},"26":{"start":{"line":32,"column":4},"end":{"line":32,"column":34}},"27":{"start":{"line":32,"column":19},"end":{"line":32,"column":34}},"28":{"start":{"line":33,"column":4},"end":{"line":33,"column":30}},"29":{"start":{"line":36,"column":16},"end":{"line":36,"column":18}},"30":{"start":{"line":37,"column":2},"end":{"line":39,"column":3}},"31":{"start":{"line":38,"column":4},"end":{"line":38,"column":34}},"32":{"start":{"line":38,"column":19},"end":{"line":38,"column":34}},"33":{"start":{"line":40,"column":2},"end":{"line":40,"column":27}},"34":{"start":{"line":42,"column":16},"end":{"line":42,"column":18}},"35":{"start":{"line":43,"column":2},"end":{"line":62,"column":3}},"36":{"start":{"line":44,"column":15},"end":{"line":44,"column":28}},"37":{"start":{"line":45,"column":4},"end":{"line":45,"column":19}},"38":{"start":{"line":46,"column":17},"end":{"line":46,"column":34}},"39":{"start":{"line":47,"column":4},"end":{"line":61,"column":5}},"40":{"start":{"line":48,"column":17},"end":{"line":48,"column":39}},"41":{"start":{"line":49,"column":6},"end":{"line":49,"column":29}},"42":{"start":{"line":50,"column":6},"end":{"line":60,"column":7}},"43":{"start":{"line":51,"column":23},"end":{"line":51,"column":28}},"44":{"start":{"line":52,"column":8},"end":{"line":58,"column":9}},"45":{"start":{"line":52,"column":21},"end":{"line":52,"column":22}},"46":{"start":{"line":53,"column":10},"end":{"line":57,"column":11}},"47":{"start":{"line":54,"column":12},"end":{"line":54,"column":37}},"48":{"start":{"line":55,"column":12},"end":{"line":55,"column":28}},"49":{"start":{"line":56,"column":12},"end":{"line":56,"column":18}},"50":{"start":{"line":59,"column":8},"end":{"line":59,"column":40}},"51":{"start":{"line":59,"column":23},"end":{"line":59,"column":40}},"52":{"start":{"line":64,"column":19},"end":{"line":64,"column":48}},"53":{"start":{"line":65,"column":2},"end":{"line":65,"column":40}},"54":{"start":{"line":72,"column":16},"end":{"line":72,"column":50}},"55":{"start":{"line":72,"column":44},"end":{"line":72,"column":48}},"56":{"start":{"line":73,"column":21},"end":{"line":73,"column":30}},"57":{"start":{"line":74,"column":2},"end":{"line":80,"column":3}},"58":{"start":{"line":75,"column":4},"end":{"line":79,"column":5}},"59":{"start":{"line":76,"column":6},"end":{"line":76,"column":89}},"60":{"start":{"line":76,"column":58},"end":{"line":76,"column":86}},"61":{"start":{"line":78,"column":6},"end":{"line":78,"column":93}},"62":{"start":{"line":78,"column":64},"end":{"line":78,"column":90}},"63":{"start":{"line":81,"column":23},"end":{"line":87,"column":5}},"64":{"start":{"line":81,"column":44},"end":{"line":87,"column":3}},"65":{"start":{"line":88,"column":2},"end":{"line":88,"column":61}},"66":{"start":{"line":92,"column":2},"end":{"line":98,"column":4}},"67":{"start":{"line":94,"column":58},"end":{"line":94,"column":70}}},"fnMap":{"0":{"name":"topologicalSortDeterministic","decl":{"start":{"line":6,"column":16},"end":{"line":6,"column":44}},"loc":{"start":{"line":6,"column":52},"end":{"line":66,"column":1}},"line":6},"1":{"name":"(anonymous_1)","decl":{"start":{"line":7,"column":34},"end":{"line":7,"column":35}},"loc":{"start":{"line":7,"column":41},"end":{"line":7,"column":45}},"line":7},"2":{"name":"(anonymous_2)","decl":{"start":{"line":12,"column":45},"end":{"line":12,"column":46}},"loc":{"start":{"line":12,"column":52},"end":{"line":12,"column":64}},"line":12},"3":{"name":"(anonymous_3)","decl":{"start":{"line":23,"column":37},"end":{"line":23,"column":38}},"loc":{"start":{"line":23,"column":44},"end":{"line":23,"column":53}},"line":23},"4":{"name":"compareReady","decl":{"start":{"line":25,"column":11},"end":{"line":25,"column":23}},"loc":{"start":{"line":25,"column":30},"end":{"line":34,"column":3}},"line":25},"5":{"name":"wouldCreateCycle","decl":{"start":{"line":71,"column":16},"end":{"line":71,"column":32}},"loc":{"start":{"line":71,"column":69},"end":{"line":89,"column":1}},"line":71},"6":{"name":"(anonymous_6)","decl":{"start":{"line":72,"column":37},"end":{"line":72,"column":38}},"loc":{"start":{"line":72,"column":44},"end":{"line":72,"column":48}},"line":72},"7":{"name":"(anonymous_7)","decl":{"start":{"line":76,"column":51},"end":{"line":76,"column":52}},"loc":{"start":{"line":76,"column":58},"end":{"line":76,"column":86}},"line":76},"8":{"name":"(anonymous_8)","decl":{"start":{"line":78,"column":57},"end":{"line":78,"column":58}},"loc":{"start":{"line":78,"column":64},"end":{"line":78,"column":90}},"line":78},"9":{"name":"(anonymous_9)","decl":{"start":{"line":81,"column":36},"end":{"line":81,"column":37}},"loc":{"start":{"line":81,"column":44},"end":{"line":87,"column":3}},"line":81},"10":{"name":"buildTaskSnapshotForGraph","decl":{"start":{"line":91,"column":16},"end":{"line":91,"column":41}},"loc":{"start":{"line":91,"column":51},"end":{"line":99,"column":1}},"line":91},"11":{"name":"(anonymous_11)","decl":{"start":{"line":94,"column":51},"end":{"line":94,"column":52}},"loc":{"start":{"line":94,"column":58},"end":{"line":94,"column":70}},"line":94}},"branchMap":{"0":{"loc":{"start":{"line":13,"column":4},"end":{"line":13,"column":42}},"type":"if","locations":[{"start":{"line":13,"column":4},"end":{"line":13,"column":42}},{"start":{},"end":{}}],"line":13},"1":{"loc":{"start":{"line":17,"column":6},"end":{"line":17,"column":34}},"type":"if","locations":[{"start":{"line":17,"column":6},"end":{"line":17,"column":34}},{"start":{},"end":{}}],"line":17},"2":{"loc":{"start":{"line":18,"column":6},"end":{"line":18,"column":38}},"type":"if","locations":[{"start":{"line":18,"column":6},"end":{"line":18,"column":38}},{"start":{},"end":{}}],"line":18},"3":{"loc":{"start":{"line":28,"column":4},"end":{"line":28,"column":70}},"type":"if","locations":[{"start":{"line":28,"column":4},"end":{"line":28,"column":70}},{"start":{},"end":{}}],"line":28},"4":{"loc":{"start":{"line":29,"column":4},"end":{"line":29,"column":94}},"type":"if","locations":[{"start":{"line":29,"column":4},"end":{"line":29,"column":94}},{"start":{},"end":{}}],"line":29},"5":{"loc":{"start":{"line":32,"column":4},"end":{"line":32,"column":34}},"type":"if","locations":[{"start":{"line":32,"column":4},"end":{"line":32,"column":34}},{"start":{},"end":{}}],"line":32},"6":{"loc":{"start":{"line":38,"column":4},"end":{"line":38,"column":34}},"type":"if","locations":[{"start":{"line":38,"column":4},"end":{"line":38,"column":34}},{"start":{},"end":{}}],"line":38},"7":{"loc":{"start":{"line":46,"column":17},"end":{"line":46,"column":34}},"type":"binary-expr","locations":[{"start":{"line":46,"column":17},"end":{"line":46,"column":28}},{"start":{"line":46,"column":32},"end":{"line":46,"column":34}}],"line":46},"8":{"loc":{"start":{"line":50,"column":6},"end":{"line":60,"column":7}},"type":"if","locations":[{"start":{"line":50,"column":6},"end":{"line":60,"column":7}},{"start":{},"end":{}}],"line":50},"9":{"loc":{"start":{"line":53,"column":10},"end":{"line":57,"column":11}},"type":"if","locations":[{"start":{"line":53,"column":10},"end":{"line":57,"column":11}},{"start":{},"end":{}}],"line":53},"10":{"loc":{"start":{"line":59,"column":8},"end":{"line":59,"column":40}},"type":"if","locations":[{"start":{"line":59,"column":8},"end":{"line":59,"column":40}},{"start":{},"end":{}}],"line":59},"11":{"loc":{"start":{"line":75,"column":4},"end":{"line":79,"column":5}},"type":"if","locations":[{"start":{"line":75,"column":4},"end":{"line":79,"column":5}},{"start":{"line":77,"column":11},"end":{"line":79,"column":5}}],"line":75},"12":{"loc":{"start":{"line":76,"column":58},"end":{"line":76,"column":86}},"type":"binary-expr","locations":[{"start":{"line":76,"column":58},"end":{"line":76,"column":70}},{"start":{"line":76,"column":74},"end":{"line":76,"column":86}}],"line":76},"13":{"loc":{"start":{"line":78,"column":28},"end":{"line":78,"column":48}},"type":"binary-expr","locations":[{"start":{"line":78,"column":28},"end":{"line":78,"column":42}},{"start":{"line":78,"column":46},"end":{"line":78,"column":48}}],"line":78},"14":{"loc":{"start":{"line":78,"column":64},"end":{"line":78,"column":90}},"type":"binary-expr","locations":[{"start":{"line":78,"column":64},"end":{"line":78,"column":76}},{"start":{"line":78,"column":80},"end":{"line":78,"column":90}}],"line":78},"15":{"loc":{"start":{"line":83,"column":18},"end":{"line":83,"column":44}},"type":"binary-expr","locations":[{"start":{"line":83,"column":18},"end":{"line":83,"column":38}},{"start":{"line":83,"column":42},"end":{"line":83,"column":44}}],"line":83},"16":{"loc":{"start":{"line":84,"column":14},"end":{"line":84,"column":29}},"type":"binary-expr","locations":[{"start":{"line":84,"column":14},"end":{"line":84,"column":24}},{"start":{"line":84,"column":28},"end":{"line":84,"column":29}}],"line":84},"17":{"loc":{"start":{"line":85,"column":20},"end":{"line":85,"column":41}},"type":"binary-expr","locations":[{"start":{"line":85,"column":20},"end":{"line":85,"column":36}},{"start":{"line":85,"column":40},"end":{"line":85,"column":41}}],"line":85},"18":{"loc":{"start":{"line":86,"column":15},"end":{"line":86,"column":41}},"type":"binary-expr","locations":[{"start":{"line":86,"column":15},"end":{"line":86,"column":26}},{"start":{"line":86,"column":30},"end":{"line":86,"column":41}}],"line":86},"19":{"loc":{"start":{"line":94,"column":19},"end":{"line":94,"column":45}},"type":"binary-expr","locations":[{"start":{"line":94,"column":19},"end":{"line":94,"column":39}},{"start":{"line":94,"column":43},"end":{"line":94,"column":45}}],"line":94}},"s":{"0":13,"1":26,"2":13,"3":13,"4":13,"5":26,"6":10,"7":26,"8":26,"9":13,"10":26,"11":10,"12":0,"13":10,"14":0,"15":10,"16":13,"17":26,"18":8,"19":8,"20":8,"21":2,"22":6,"23":0,"24":6,"25":6,"26":6,"27":4,"28":2,"29":13,"30":13,"31":26,"32":16,"33":13,"34":13,"35":13,"36":22,"37":22,"38":22,"39":22,"40":6,"41":6,"42":6,"43":6,"44":6,"45":6,"46":0,"47":0,"48":0,"49":0,"50":6,"51":6,"52":13,"53":13,"54":2,"55":4,"56":2,"57":2,"58":4,"59":2,"60":2,"61":2,"62":1,"63":2,"64":4,"65":2,"66":12,"67":3},"f":{"0":13,"1":26,"2":10,"3":26,"4":8,"5":2,"6":4,"7":2,"8":1,"9":4,"10":12,"11":3},"b":{"0":[26,0],"1":[0,10],"2":[0,10],"3":[2,6],"4":[0,6],"5":[4,2],"6":[16,10],"7":[22,0],"8":[6,0],"9":[0,0],"10":[6,0],"11":[2,2],"12":[2,2],"13":[2,0],"14":[1,1],"15":[4,0],"16":[4,0],"17":[4,0],"18":[4,0],"19":[12,0]},"inputSourceMap":null,"_coverageSchema":"1a1c01bbd47fc00a2c39e90264f33305004495a9","hash":"a3afc7448b0fcc8ce0228cd7b3352b5233803385"}
,"D:\\esmagico\\backend\\src\\services\\executionEngine.js": {"path":"D:\\esmagico\\backend\\src\\services\\executionEngine.js","statementMap":{"0":{"start":{"line":3,"column":16},"end":{"line":3,"column":25}},"1":{"start":{"line":4,"column":18},"end":{"line":4,"column":29}},"2":{"start":{"line":5,"column":16},"end":{"line":5,"column":25}},"3":{"start":{"line":12,"column":15},"end":{"line":12,"column":63}},"4":{"start":{"line":12,"column":40},"end":{"line":12,"column":61}},"5":{"start":{"line":13,"column":21},"end":{"line":19,"column":4}},"6":{"start":{"line":14,"column":17},"end":{"line":14,"column":45}},"7":{"start":{"line":15,"column":4},"end":{"line":18,"column":6}},"8":{"start":{"line":17,"column":52},"end":{"line":17,"column":63}},"9":{"start":{"line":21,"column":34},"end":{"line":21,"column":74}},"10":{"start":{"line":22,"column":2},"end":{"line":24,"column":3}},"11":{"start":{"line":23,"column":4},"end":{"line":23,"column":79}},"12":{"start":{"line":26,"column":25},"end":{"line":26,"column":82}},"13":{"start":{"line":26,"column":50},"end":{"line":26,"column":81}},"14":{"start":{"line":29,"column":17},"end":{"line":29,"column":94}},"15":{"start":{"line":29,"column":54},"end":{"line":29,"column":66}},"16":{"start":{"line":29,"column":82},"end":{"line":29,"column":93}},"17":{"start":{"line":30,"column":4},"end":{"line":30,"column":63}},"18":{"start":{"line":30,"column":29},"end":{"line":30,"column":61}},"19":{"start":{"line":33,"column":28},"end":{"line":33,"column":37}},"20":{"start":{"line":34,"column":2},"end":{"line":38,"column":3}},"21":{"start":{"line":35,"column":4},"end":{"line":37,"column":5}},"22":{"start":{"line":36,"column":6},"end":{"line":36,"column":92}},"23":{"start":{"line":40,"column":19},"end":{"line":40,"column":21}},"24":{"start":{"line":41,"column":2},"end":{"line":49,"column":3}},"25":{"start":{"line":42,"column":17},"end":{"line":42,"column":29}},"26":{"start":{"line":43,"column":4},"end":{"line":43,"column":51}},"27":{"start":{"line":43,"column":42},"end":{"line":43,"column":51}},"28":{"start":{"line":44,"column":4},"end":{"line":44,"column":39}},"29":{"start":{"line":44,"column":30},"end":{"line":44,"column":39}},"30":{"start":{"line":45,"column":24},"end":{"line":45,"column":68}},"31":{"start":{"line":46,"column":4},"end":{"line":46,"column":34}},"32":{"start":{"line":46,"column":25},"end":{"line":46,"column":34}},"33":{"start":{"line":47,"column":4},"end":{"line":47,"column":62}},"34":{"start":{"line":47,"column":53},"end":{"line":47,"column":62}},"35":{"start":{"line":48,"column":4},"end":{"line":48,"column":22}},"36":{"start":{"line":51,"column":2},"end":{"line":58,"column":4}},"37":{"start":{"line":56,"column":48},"end":{"line":56,"column":68}}},"fnMap":{"0":{"name":"computeExecutionPlan","decl":{"start":{"line":11,"column":16},"end":{"line":11,"column":36}},"loc":{"start":{"line":11,"column":44},"end":{"line":59,"column":1}},"line":11},"1":{"name":"(anonymous_1)","decl":{"start":{"line":12,"column":33},"end":{"line":12,"column":34}},"loc":{"start":{"line":12,"column":40},"end":{"line":12,"column":61}},"line":12},"2":{"name":"(anonymous_2)","decl":{"start":{"line":13,"column":31},"end":{"line":13,"column":32}},"loc":{"start":{"line":13,"column":38},"end":{"line":19,"column":3}},"line":13},"3":{"name":"(anonymous_3)","decl":{"start":{"line":17,"column":45},"end":{"line":17,"column":46}},"loc":{"start":{"line":17,"column":52},"end":{"line":17,"column":63}},"line":17},"4":{"name":"(anonymous_4)","decl":{"start":{"line":26,"column":42},"end":{"line":26,"column":43}},"loc":{"start":{"line":26,"column":50},"end":{"line":26,"column":81}},"line":26},"5":{"name":"depsCompleted","decl":{"start":{"line":28,"column":11},"end":{"line":28,"column":24}},"loc":{"start":{"line":28,"column":31},"end":{"line":31,"column":3}},"line":28},"6":{"name":"(anonymous_6)","decl":{"start":{"line":29,"column":47},"end":{"line":29,"column":48}},"loc":{"start":{"line":29,"column":54},"end":{"line":29,"column":66}},"line":29},"7":{"name":"(anonymous_7)","decl":{"start":{"line":29,"column":75},"end":{"line":29,"column":76}},"loc":{"start":{"line":29,"column":82},"end":{"line":29,"column":93}},"line":29},"8":{"name":"(anonymous_8)","decl":{"start":{"line":30,"column":22},"end":{"line":30,"column":23}},"loc":{"start":{"line":30,"column":29},"end":{"line":30,"column":61}},"line":30},"9":{"name":"(anonymous_9)","decl":{"start":{"line":56,"column":41},"end":{"line":56,"column":42}},"loc":{"start":{"line":56,"column":48},"end":{"line":56,"column":68}},"line":56}},"branchMap":{"0":{"loc":{"start":{"line":22,"column":2},"end":{"line":24,"column":3}},"type":"if","locations":[{"start":{"line":22,"column":2},"end":{"line":24,"column":3}},{"start":{},"end":{}}],"line":22},"1":{"loc":{"start":{"line":29,"column":18},"end":{"line":29,"column":41}},"type":"binary-expr","locations":[{"start":{"line":29,"column":18},"end":{"line":29,"column":35}},{"start":{"line":29,"column":39},"end":{"line":29,"column":41}}],"line":29},"2":{"loc":{"start":{"line":35,"column":4},"end":{"line":37,"column":5}},"type":"if","locations":[{"start":{"line":35,"column":4},"end":{"line":37,"column":5}},{"start":{},"end":{}}],"line":35},"3":{"loc":{"start":{"line":36,"column":44},"end":{"line":36,"column":85}},"type":"binary-expr","locations":[{"start":{"line":36,"column":44},"end":{"line":36,"column":80}},{"start":{"line":36,"column":84},"end":{"line":36,"column":85}}],"line":36},"4":{"loc":{"start":{"line":43,"column":4},"end":{"line":43,"column":51}},"type":"if","locations":[{"start":{"line":43,"column":4},"end":{"line":43,"column":51}},{"start":{},"end":{}}],"line":43},"5":{"loc":{"start":{"line":43,"column":8},"end":{"line":43,"column":40}},"type":"binary-expr","locations":[{"start":{"line":43,"column":8},"end":{"line":43,"column":13}},{"start":{"line":43,"column":17},"end":{"line":43,"column":40}}],"line":43},"6":{"loc":{"start":{"line":44,"column":4},"end":{"line":44,"column":39}},"type":"if","locations":[{"start":{"line":44,"column":4},"end":{"line":44,"column":39}},{"start":{},"end":{}}],"line":44},"7":{"loc":{"start":{"line":45,"column":24},"end":{"line":45,"column":68}},"type":"binary-expr","locations":[{"start":{"line":45,"column":24},"end":{"line":45,"column":63}},{"start":{"line":45,"column":67},"end":{"line":45,"column":68}}],"line":45},"8":{"loc":{"start":{"line":46,"column":4},"end":{"line":46,"column":34}},"type":"if","locations":[{"start":{"line":46,"column":4},"end":{"line":46,"column":34}},{"start":{},"end":{}}],"line":46},"9":{"loc":{"start":{"line":47,"column":4},"end":{"line":47,"column":62}},"type":"if","locations":[{"start":{"line":47,"column":4},"end":{"line":47,"column":62}},{"start":{},"end":{}}],"line":47}},"s":{"0":1,"1":1,"2":1,"3":5,"4":10,"5":5,"6":10,"7":10,"8":3,"9":5,"10":5,"11":0,"12":5,"13":10,"14":8,"15":3,"16":3,"17":8,"18":3,"19":5,"20":5,"21":10,"22":1,"23":5,"24":5,"25":10,"26":10,"27":2,"28":8,"29":3,"30":5,"31":5,"32":2,"33":3,"34":0,"35":3,"36":5,"37":10},"f":{"0":5,"1":10,"2":10,"3":3,"4":10,"5":8,"6":3,"7":3,"8":3,"9":10},"b":{"0":[0,5],"1":[8,0],"2":[1,9],"3":[1,1],"4":[2,8],"5":[10,10],"6":[3,5],"7":[5,3],"8":[2,3],"9":[0,3]},"inputSourceMap":null,"_coverageSchema":"1a1c01bbd47fc00a2c39e90264f33305004495a9","hash":"0f2664842bd92a9f5ebfe3925c0e8df0c8cda919"}
,"D:\\esmagico\\backend\\src\\services\\inviteService.js": {"path":"D:\\esmagico\\backend\\src\\services\\inviteService.js","statementMap":{"0":{"start":{"line":3,"column":20},"end":{"line":3,"column":36}},"1":{"start":{"line":6,"column":17},"end":{"line":6,"column":39}},"2":{"start":{"line":7,"column":2},"end":{"line":7,"column":63}},"3":{"start":{"line":7,"column":15},"end":{"line":7,"column":63}},"4":{"start":{"line":8,"column":2},"end":{"line":8,"column":101}},"5":{"start":{"line":12,"column":17},"end":{"line":12,"column":39}},"6":{"start":{"line":13,"column":2},"end":{"line":13,"column":63}},"7":{"start":{"line":13,"column":15},"end":{"line":13,"column":63}},"8":{"start":{"line":14,"column":18},"end":{"line":14,"column":43}},"9":{"start":{"line":15,"column":2},"end":{"line":17,"column":3}},"10":{"start":{"line":16,"column":4},"end":{"line":16,"column":44}},"11":{"start":{"line":18,"column":2},"end":{"line":18,"column":42}}},"fnMap":{"0":{"name":"signProjectInvite","decl":{"start":{"line":5,"column":16},"end":{"line":5,"column":33}},"loc":{"start":{"line":5,"column":45},"end":{"line":9,"column":1}},"line":5},"1":{"name":"verifyProjectInvite","decl":{"start":{"line":11,"column":16},"end":{"line":11,"column":35}},"loc":{"start":{"line":11,"column":43},"end":{"line":19,"column":1}},"line":11}},"branchMap":{"0":{"loc":{"start":{"line":7,"column":2},"end":{"line":7,"column":63}},"type":"if","locations":[{"start":{"line":7,"column":2},"end":{"line":7,"column":63}},{"start":{},"end":{}}],"line":7},"1":{"loc":{"start":{"line":13,"column":2},"end":{"line":13,"column":63}},"type":"if","locations":[{"start":{"line":13,"column":2},"end":{"line":13,"column":63}},{"start":{},"end":{}}],"line":13},"2":{"loc":{"start":{"line":15,"column":2},"end":{"line":17,"column":3}},"type":"if","locations":[{"start":{"line":15,"column":2},"end":{"line":17,"column":3}},{"start":{},"end":{}}],"line":15},"3":{"loc":{"start":{"line":15,"column":6},"end":{"line":15,"column":56}},"type":"binary-expr","locations":[{"start":{"line":15,"column":6},"end":{"line":15,"column":34}},{"start":{"line":15,"column":38},"end":{"line":15,"column":56}}],"line":15}},"s":{"0":0,"1":0,"2":0,"3":0,"4":0,"5":0,"6":0,"7":0,"8":0,"9":0,"10":0,"11":0},"f":{"0":0,"1":0},"b":{"0":[0,0],"1":[0,0],"2":[0,0],"3":[0,0]},"inputSourceMap":null}
,"D:\\esmagico\\backend\\src\\services\\optimisticLock.js": {"path":"D:\\esmagico\\backend\\src\\services\\optimisticLock.js","statementMap":{"0":{"start":{"line":2,"column":2},"end":{"line":6,"column":3}},"1":{"start":{"line":3,"column":16},"end":{"line":3,"column":87}},"2":{"start":{"line":4,"column":4},"end":{"line":4,"column":21}},"3":{"start":{"line":5,"column":4},"end":{"line":5,"column":14}},"4":{"start":{"line":7,"column":2},"end":{"line":11,"column":3}},"5":{"start":{"line":8,"column":16},"end":{"line":8,"column":77}},"6":{"start":{"line":9,"column":4},"end":{"line":9,"column":21}},"7":{"start":{"line":10,"column":4},"end":{"line":10,"column":14}}},"fnMap":{"0":{"name":"validateTaskVersion","decl":{"start":{"line":1,"column":16},"end":{"line":1,"column":35}},"loc":{"start":{"line":1,"column":65},"end":{"line":12,"column":1}},"line":1}},"branchMap":{"0":{"loc":{"start":{"line":2,"column":2},"end":{"line":6,"column":3}},"type":"if","locations":[{"start":{"line":2,"column":2},"end":{"line":6,"column":3}},{"start":{},"end":{}}],"line":2},"1":{"loc":{"start":{"line":2,"column":6},"end":{"line":2,"column":55}},"type":"binary-expr","locations":[{"start":{"line":2,"column":6},"end":{"line":2,"column":31}},{"start":{"line":2,"column":35},"end":{"line":2,"column":55}}],"line":2},"2":{"loc":{"start":{"line":7,"column":2},"end":{"line":11,"column":3}},"type":"if","locations":[{"start":{"line":7,"column":2},"end":{"line":11,"column":3}},{"start":{},"end":{}}],"line":7}},"s":{"0":4,"1":2,"2":2,"3":2,"4":2,"5":1,"6":1,"7":1},"f":{"0":4},"b":{"0":[2,2],"1":[4,2],"2":[1,1]},"inputSourceMap":null,"_coverageSchema":"1a1c01bbd47fc00a2c39e90264f33305004495a9","hash":"d11cf94dc16f467d921e78e588c14090d8e3e95b"}
,"D:\\esmagico\\backend\\src\\services\\orchestrationService.js": {"path":"D:\\esmagico\\backend\\src\\services\\orchestrationService.js","statementMap":{"0":{"start":{"line":7,"column":18},"end":{"line":7,"column":61}},"1":{"start":{"line":8,"column":2},"end":{"line":12,"column":3}},"2":{"start":{"line":9,"column":16},"end":{"line":9,"column":63}},"3":{"start":{"line":10,"column":4},"end":{"line":10,"column":21}},"4":{"start":{"line":11,"column":4},"end":{"line":11,"column":14}},"5":{"start":{"line":13,"column":16},"end":{"line":13,"column":46}},"6":{"start":{"line":14,"column":15},"end":{"line":14,"column":42}},"7":{"start":{"line":15,"column":2},"end":{"line":19,"column":3}},"8":{"start":{"line":16,"column":16},"end":{"line":16,"column":37}},"9":{"start":{"line":17,"column":4},"end":{"line":17,"column":21}},"10":{"start":{"line":18,"column":4},"end":{"line":18,"column":14}},"11":{"start":{"line":20,"column":2},"end":{"line":24,"column":4}},"12":{"start":{"line":28,"column":18},"end":{"line":28,"column":61}},"13":{"start":{"line":29,"column":2},"end":{"line":33,"column":3}},"14":{"start":{"line":30,"column":16},"end":{"line":30,"column":63}},"15":{"start":{"line":31,"column":4},"end":{"line":31,"column":21}},"16":{"start":{"line":32,"column":4},"end":{"line":32,"column":14}},"17":{"start":{"line":34,"column":16},"end":{"line":34,"column":46}},"18":{"start":{"line":35,"column":2},"end":{"line":35,"column":68}}},"fnMap":{"0":{"name":"runComputeExecution","decl":{"start":{"line":6,"column":22},"end":{"line":6,"column":41}},"loc":{"start":{"line":6,"column":61},"end":{"line":25,"column":1}},"line":6},"1":{"name":"runSimulation","decl":{"start":{"line":27,"column":22},"end":{"line":27,"column":35}},"loc":{"start":{"line":27,"column":90},"end":{"line":36,"column":1}},"line":27}},"branchMap":{"0":{"loc":{"start":{"line":8,"column":2},"end":{"line":12,"column":3}},"type":"if","locations":[{"start":{"line":8,"column":2},"end":{"line":12,"column":3}},{"start":{},"end":{}}],"line":8},"1":{"loc":{"start":{"line":15,"column":2},"end":{"line":19,"column":3}},"type":"if","locations":[{"start":{"line":15,"column":2},"end":{"line":19,"column":3}},{"start":{},"end":{}}],"line":15},"2":{"loc":{"start":{"line":29,"column":2},"end":{"line":33,"column":3}},"type":"if","locations":[{"start":{"line":29,"column":2},"end":{"line":33,"column":3}},{"start":{},"end":{}}],"line":29}},"s":{"0":0,"1":0,"2":0,"3":0,"4":0,"5":0,"6":0,"7":0,"8":0,"9":0,"10":0,"11":0,"12":0,"13":0,"14":0,"15":0,"16":0,"17":0,"18":0},"f":{"0":0,"1":0},"b":{"0":[0,0],"1":[0,0],"2":[0,0]},"inputSourceMap":null}
,"D:\\esmagico\\backend\\src\\services\\projectService.js": {"path":"D:\\esmagico\\backend\\src\\services\\projectService.js","statementMap":{"0":{"start":{"line":6,"column":18},"end":{"line":11,"column":4}},"1":{"start":{"line":12,"column":2},"end":{"line":18,"column":5}},"2":{"start":{"line":19,"column":2},"end":{"line":19,"column":17}},"3":{"start":{"line":23,"column":2},"end":{"line":23,"column":76}},"4":{"start":{"line":27,"column":18},"end":{"line":27,"column":51}},"5":{"start":{"line":28,"column":2},"end":{"line":28,"column":28}},"6":{"start":{"line":28,"column":16},"end":{"line":28,"column":28}},"7":{"start":{"line":29,"column":19},"end":{"line":29,"column":86}},"8":{"start":{"line":29,"column":47},"end":{"line":29,"column":85}},"9":{"start":{"line":30,"column":2},"end":{"line":30,"column":29}},"10":{"start":{"line":30,"column":17},"end":{"line":30,"column":29}},"11":{"start":{"line":31,"column":2},"end":{"line":31,"column":17}},"12":{"start":{"line":35,"column":18},"end":{"line":35,"column":61}},"13":{"start":{"line":36,"column":2},"end":{"line":40,"column":3}},"14":{"start":{"line":37,"column":16},"end":{"line":37,"column":63}},"15":{"start":{"line":38,"column":4},"end":{"line":38,"column":21}},"16":{"start":{"line":39,"column":4},"end":{"line":39,"column":14}},"17":{"start":{"line":41,"column":18},"end":{"line":41,"column":63}},"18":{"start":{"line":42,"column":2},"end":{"line":46,"column":3}},"19":{"start":{"line":43,"column":16},"end":{"line":43,"column":61}},"20":{"start":{"line":44,"column":4},"end":{"line":44,"column":21}},"21":{"start":{"line":45,"column":4},"end":{"line":45,"column":14}},"22":{"start":{"line":47,"column":2},"end":{"line":47,"column":70}},"23":{"start":{"line":47,"column":32},"end":{"line":47,"column":70}},"24":{"start":{"line":48,"column":2},"end":{"line":48,"column":85}},"25":{"start":{"line":48,"column":36},"end":{"line":48,"column":85}},"26":{"start":{"line":49,"column":2},"end":{"line":49,"column":23}},"27":{"start":{"line":50,"column":2},"end":{"line":50,"column":17}},"28":{"start":{"line":54,"column":2},"end":{"line":54,"column":40}},"29":{"start":{"line":58,"column":18},"end":{"line":58,"column":61}},"30":{"start":{"line":59,"column":2},"end":{"line":63,"column":3}},"31":{"start":{"line":60,"column":16},"end":{"line":60,"column":63}},"32":{"start":{"line":61,"column":4},"end":{"line":61,"column":21}},"33":{"start":{"line":62,"column":4},"end":{"line":62,"column":14}},"34":{"start":{"line":64,"column":16},"end":{"line":64,"column":50}},"35":{"start":{"line":65,"column":2},"end":{"line":71,"column":5}},"36":{"start":{"line":72,"column":2},"end":{"line":72,"column":41}},"37":{"start":{"line":77,"column":2},"end":{"line":83,"column":3}},"38":{"start":{"line":78,"column":4},"end":{"line":78,"column":49}},"39":{"start":{"line":80,"column":16},"end":{"line":80,"column":60}},"40":{"start":{"line":81,"column":4},"end":{"line":81,"column":21}},"41":{"start":{"line":82,"column":4},"end":{"line":82,"column":14}},"42":{"start":{"line":84,"column":18},"end":{"line":84,"column":51}},"43":{"start":{"line":85,"column":2},"end":{"line":89,"column":3}},"44":{"start":{"line":86,"column":16},"end":{"line":86,"column":46}},"45":{"start":{"line":87,"column":4},"end":{"line":87,"column":21}},"46":{"start":{"line":88,"column":4},"end":{"line":88,"column":14}},"47":{"start":{"line":90,"column":18},"end":{"line":90,"column":85}},"48":{"start":{"line":90,"column":46},"end":{"line":90,"column":84}},"49":{"start":{"line":91,"column":2},"end":{"line":101,"column":3}},"50":{"start":{"line":92,"column":4},"end":{"line":92,"column":53}},"51":{"start":{"line":93,"column":4},"end":{"line":93,"column":25}},"52":{"start":{"line":94,"column":4},"end":{"line":100,"column":7}},"53":{"start":{"line":102,"column":2},"end":{"line":102,"column":17}}},"fnMap":{"0":{"name":"createProject","decl":{"start":{"line":5,"column":22},"end":{"line":5,"column":35}},"loc":{"start":{"line":5,"column":67},"end":{"line":20,"column":1}},"line":5},"1":{"name":"listProjectsForUser","decl":{"start":{"line":22,"column":22},"end":{"line":22,"column":41}},"loc":{"start":{"line":22,"column":50},"end":{"line":24,"column":1}},"line":22},"2":{"name":"getProjectIfMember","decl":{"start":{"line":26,"column":22},"end":{"line":26,"column":40}},"loc":{"start":{"line":26,"column":60},"end":{"line":32,"column":1}},"line":26},"3":{"name":"(anonymous_3)","decl":{"start":{"line":29,"column":40},"end":{"line":29,"column":41}},"loc":{"start":{"line":29,"column":47},"end":{"line":29,"column":85}},"line":29},"4":{"name":"updateProjectWebhook","decl":{"start":{"line":34,"column":22},"end":{"line":34,"column":42}},"loc":{"start":{"line":34,"column":94},"end":{"line":51,"column":1}},"line":34},"5":{"name":"createInviteToken","decl":{"start":{"line":53,"column":16},"end":{"line":53,"column":33}},"loc":{"start":{"line":53,"column":52},"end":{"line":55,"column":1}},"line":53},"6":{"name":"generateInvite","decl":{"start":{"line":57,"column":22},"end":{"line":57,"column":36}},"loc":{"start":{"line":57,"column":56},"end":{"line":73,"column":1}},"line":57},"7":{"name":"joinProjectWithToken","decl":{"start":{"line":75,"column":22},"end":{"line":75,"column":42}},"loc":{"start":{"line":75,"column":58},"end":{"line":103,"column":1}},"line":75},"8":{"name":"(anonymous_8)","decl":{"start":{"line":90,"column":39},"end":{"line":90,"column":40}},"loc":{"start":{"line":90,"column":46},"end":{"line":90,"column":84}},"line":90}},"branchMap":{"0":{"loc":{"start":{"line":8,"column":17},"end":{"line":8,"column":34}},"type":"binary-expr","locations":[{"start":{"line":8,"column":17},"end":{"line":8,"column":28}},{"start":{"line":8,"column":32},"end":{"line":8,"column":34}}],"line":8},"1":{"loc":{"start":{"line":28,"column":2},"end":{"line":28,"column":28}},"type":"if","locations":[{"start":{"line":28,"column":2},"end":{"line":28,"column":28}},{"start":{},"end":{}}],"line":28},"2":{"loc":{"start":{"line":30,"column":2},"end":{"line":30,"column":29}},"type":"if","locations":[{"start":{"line":30,"column":2},"end":{"line":30,"column":29}},{"start":{},"end":{}}],"line":30},"3":{"loc":{"start":{"line":36,"column":2},"end":{"line":40,"column":3}},"type":"if","locations":[{"start":{"line":36,"column":2},"end":{"line":40,"column":3}},{"start":{},"end":{}}],"line":36},"4":{"loc":{"start":{"line":42,"column":2},"end":{"line":46,"column":3}},"type":"if","locations":[{"start":{"line":42,"column":2},"end":{"line":46,"column":3}},{"start":{},"end":{}}],"line":42},"5":{"loc":{"start":{"line":47,"column":2},"end":{"line":47,"column":70}},"type":"if","locations":[{"start":{"line":47,"column":2},"end":{"line":47,"column":70}},{"start":{},"end":{}}],"line":47},"6":{"loc":{"start":{"line":47,"column":53},"end":{"line":47,"column":69}},"type":"binary-expr","locations":[{"start":{"line":47,"column":53},"end":{"line":47,"column":63}},{"start":{"line":47,"column":67},"end":{"line":47,"column":69}}],"line":47},"7":{"loc":{"start":{"line":48,"column":2},"end":{"line":48,"column":85}},"type":"if","locations":[{"start":{"line":48,"column":2},"end":{"line":48,"column":85}},{"start":{},"end":{}}],"line":48},"8":{"loc":{"start":{"line":59,"column":2},"end":{"line":63,"column":3}},"type":"if","locations":[{"start":{"line":59,"column":2},"end":{"line":63,"column":3}},{"start":{},"end":{}}],"line":59},"9":{"loc":{"start":{"line":85,"column":2},"end":{"line":89,"column":3}},"type":"if","locations":[{"start":{"line":85,"column":2},"end":{"line":89,"column":3}},{"start":{},"end":{}}],"line":85},"10":{"loc":{"start":{"line":91,"column":2},"end":{"line":101,"column":3}},"type":"if","locations":[{"start":{"line":91,"column":2},"end":{"line":101,"column":3}},{"start":{},"end":{}}],"line":91}},"s":{"0":0,"1":0,"2":0,"3":0,"4":0,"5":0,"6":0,"7":0,"8":0,"9":0,"10":0,"11":0,"12":0,"13":0,"14":0,"15":0,"16":0,"17":0,"18":0,"19":0,"20":0,"21":0,"22":0,"23":0,"24":0,"25":0,"26":0,"27":0,"28":0,"29":0,"30":0,"31":0,"32":0,"33":0,"34":0,"35":0,"36":0,"37":0,"38":0,"39":0,"40":0,"41":0,"42":0,"43":0,"44":0,"45":0,"46":0,"47":0,"48":0,"49":0,"50":0,"51":0,"52":0,"53":0},"f":{"0":0,"1":0,"2":0,"3":0,"4":0,"5":0,"6":0,"7":0,"8":0},"b":{"0":[0,0],"1":[0,0],"2":[0,0],"3":[0,0],"4":[0,0],"5":[0,0],"6":[0,0],"7":[0,0],"8":[0,0],"9":[0,0],"10":[0,0]},"inputSourceMap":null}
,"D:\\esmagico\\backend\\src\\services\\simulationEngine.js": {"path":"D:\\esmagico\\backend\\src\\services\\simulationEngine.js","statementMap":{"0":{"start":{"line":3,"column":16},"end":{"line":3,"column":25}},"1":{"start":{"line":4,"column":15},"end":{"line":4,"column":23}},"2":{"start":{"line":10,"column":15},"end":{"line":10,"column":66}},"3":{"start":{"line":10,"column":43},"end":{"line":10,"column":64}},"4":{"start":{"line":11,"column":18},"end":{"line":11,"column":27}},"5":{"start":{"line":12,"column":17},"end":{"line":12,"column":56}},"6":{"start":{"line":14,"column":16},"end":{"line":14,"column":20}},"7":{"start":{"line":15,"column":2},"end":{"line":35,"column":3}},"8":{"start":{"line":16,"column":4},"end":{"line":16,"column":20}},"9":{"start":{"line":17,"column":4},"end":{"line":34,"column":5}},"10":{"start":{"line":18,"column":17},"end":{"line":18,"column":33}},"11":{"start":{"line":19,"column":6},"end":{"line":19,"column":36}},"12":{"start":{"line":19,"column":27},"end":{"line":19,"column":36}},"13":{"start":{"line":20,"column":6},"end":{"line":24,"column":7}},"14":{"start":{"line":21,"column":8},"end":{"line":21,"column":24}},"15":{"start":{"line":22,"column":8},"end":{"line":22,"column":23}},"16":{"start":{"line":23,"column":8},"end":{"line":23,"column":17}},"17":{"start":{"line":25,"column":6},"end":{"line":25,"column":35}},"18":{"start":{"line":25,"column":26},"end":{"line":25,"column":35}},"19":{"start":{"line":26,"column":19},"end":{"line":26,"column":66}},"20":{"start":{"line":26,"column":53},"end":{"line":26,"column":65}},"21":{"start":{"line":27,"column":6},"end":{"line":33,"column":7}},"22":{"start":{"line":28,"column":8},"end":{"line":32,"column":9}},"23":{"start":{"line":29,"column":10},"end":{"line":29,"column":26}},"24":{"start":{"line":30,"column":10},"end":{"line":30,"column":25}},"25":{"start":{"line":31,"column":10},"end":{"line":31,"column":16}},"26":{"start":{"line":36,"column":2},"end":{"line":36,"column":29}},"27":{"start":{"line":40,"column":20},"end":{"line":40,"column":62}},"28":{"start":{"line":41,"column":22},"end":{"line":41,"column":72}},"29":{"start":{"line":43,"column":22},"end":{"line":46,"column":4}},"30":{"start":{"line":44,"column":15},"end":{"line":44,"column":31}},"31":{"start":{"line":45,"column":4},"end":{"line":45,"column":74}},"32":{"start":{"line":48,"column":16},"end":{"line":48,"column":65}},"33":{"start":{"line":48,"column":47},"end":{"line":48,"column":63}},"34":{"start":{"line":49,"column":21},"end":{"line":55,"column":4}},"35":{"start":{"line":50,"column":17},"end":{"line":50,"column":45}},"36":{"start":{"line":51,"column":4},"end":{"line":54,"column":6}},"37":{"start":{"line":53,"column":52},"end":{"line":53,"column":64}},"38":{"start":{"line":57,"column":34},"end":{"line":57,"column":74}},"39":{"start":{"line":58,"column":2},"end":{"line":67,"column":3}},"40":{"start":{"line":59,"column":4},"end":{"line":66,"column":6}},"41":{"start":{"line":69,"column":18},"end":{"line":69,"column":40}},"42":{"start":{"line":70,"column":2},"end":{"line":70,"column":62}},"43":{"start":{"line":70,"column":48},"end":{"line":70,"column":62}},"44":{"start":{"line":72,"column":19},"end":{"line":72,"column":21}},"45":{"start":{"line":73,"column":18},"end":{"line":73,"column":20}},"46":{"start":{"line":74,"column":14},"end":{"line":74,"column":15}},"47":{"start":{"line":75,"column":22},"end":{"line":75,"column":31}},"48":{"start":{"line":77,"column":2},"end":{"line":95,"column":3}},"49":{"start":{"line":78,"column":17},"end":{"line":78,"column":65}},"50":{"start":{"line":78,"column":41},"end":{"line":78,"column":64}},"51":{"start":{"line":79,"column":4},"end":{"line":79,"column":24}},"52":{"start":{"line":79,"column":15},"end":{"line":79,"column":24}},"53":{"start":{"line":80,"column":17},"end":{"line":80,"column":95}},"54":{"start":{"line":80,"column":54},"end":{"line":80,"column":66}},"55":{"start":{"line":80,"column":82},"end":{"line":80,"column":94}},"56":{"start":{"line":81,"column":19},"end":{"line":81,"column":56}},"57":{"start":{"line":81,"column":37},"end":{"line":81,"column":55}},"58":{"start":{"line":82,"column":4},"end":{"line":85,"column":5}},"59":{"start":{"line":83,"column":6},"end":{"line":83,"column":23}},"60":{"start":{"line":84,"column":6},"end":{"line":84,"column":15}},"61":{"start":{"line":86,"column":16},"end":{"line":86,"column":35}},"62":{"start":{"line":87,"column":4},"end":{"line":94,"column":5}},"63":{"start":{"line":88,"column":6},"end":{"line":88,"column":24}},"64":{"start":{"line":89,"column":6},"end":{"line":89,"column":26}},"65":{"start":{"line":90,"column":6},"end":{"line":90,"column":23}},"66":{"start":{"line":91,"column":6},"end":{"line":91,"column":29}},"67":{"start":{"line":93,"column":6},"end":{"line":93,"column":23}},"68":{"start":{"line":97,"column":2},"end":{"line":105,"column":4}}},"fnMap":{"0":{"name":"computeBlockedByFailures","decl":{"start":{"line":9,"column":16},"end":{"line":9,"column":40}},"loc":{"start":{"line":9,"column":71},"end":{"line":37,"column":1}},"line":9},"1":{"name":"(anonymous_1)","decl":{"start":{"line":10,"column":36},"end":{"line":10,"column":37}},"loc":{"start":{"line":10,"column":43},"end":{"line":10,"column":64}},"line":10},"2":{"name":"(anonymous_2)","decl":{"start":{"line":26,"column":46},"end":{"line":26,"column":47}},"loc":{"start":{"line":26,"column":53},"end":{"line":26,"column":65}},"line":26},"3":{"name":"simulateSchedule","decl":{"start":{"line":39,"column":16},"end":{"line":39,"column":32}},"loc":{"start":{"line":39,"column":83},"end":{"line":106,"column":1}},"line":39},"4":{"name":"(anonymous_4)","decl":{"start":{"line":43,"column":38},"end":{"line":43,"column":39}},"loc":{"start":{"line":43,"column":45},"end":{"line":46,"column":3}},"line":43},"5":{"name":"(anonymous_5)","decl":{"start":{"line":48,"column":40},"end":{"line":48,"column":41}},"loc":{"start":{"line":48,"column":47},"end":{"line":48,"column":63}},"line":48},"6":{"name":"(anonymous_6)","decl":{"start":{"line":49,"column":37},"end":{"line":49,"column":38}},"loc":{"start":{"line":49,"column":44},"end":{"line":55,"column":3}},"line":49},"7":{"name":"(anonymous_7)","decl":{"start":{"line":53,"column":45},"end":{"line":53,"column":46}},"loc":{"start":{"line":53,"column":52},"end":{"line":53,"column":64}},"line":53},"8":{"name":"(anonymous_8)","decl":{"start":{"line":78,"column":34},"end":{"line":78,"column":35}},"loc":{"start":{"line":78,"column":41},"end":{"line":78,"column":64}},"line":78},"9":{"name":"(anonymous_9)","decl":{"start":{"line":80,"column":47},"end":{"line":80,"column":48}},"loc":{"start":{"line":80,"column":54},"end
[...]
":"(anonymous_22)","decl":{"start":{"line":288,"column":15},"end":{"line":288,"column":16}},"loc":{"start":{"line":288,"column":21},"end":{"line":288,"column":23}},"line":288},"23":{"name":"retryTask","decl":{"start":{"line":295,"column":22},"end":{"line":295,"column":31}},"loc":{"start":{"line":295,"column":65},"end":{"line":343,"column":1}},"line":295},"24":{"name":"getTaskHistory","decl":{"start":{"line":345,"column":22},"end":{"line":345,"column":36}},"loc":{"start":{"line":345,"column":64},"end":{"line":365,"column":1}},"line":345},"25":{"name":"(anonymous_25)","decl":{"start":{"line":359,"column":21},"end":{"line":359,"column":22}},"loc":{"start":{"line":359,"column":29},"end":{"line":364,"column":3}},"line":359}},"branchMap":{"0":{"loc":{"start":{"line":20,"column":6},"end":{"line":20,"column":48}},"type":"if","locations":[{"start":{"line":20,"column":6},"end":{"line":20,"column":48}},{"start":{},"end":{}}],"line":20},"1":{"loc":{"start":{"line":21,"column":6},"end":{"line":21,"column":39}},"type":"if","locations":[{"start":{"line":21,"column":6},"end":{"line":21,"column":39}},{"start":{},"end":{}}],"line":21},"2":{"loc":{"start":{"line":22,"column":6},"end":{"line":22,"column":45}},"type":"if","locations":[{"start":{"line":22,"column":6},"end":{"line":22,"column":45}},{"start":{},"end":{}}],"line":22},"3":{"loc":{"start":{"line":23,"column":20},"end":{"line":23,"column":40}},"type":"binary-expr","locations":[{"start":{"line":23,"column":20},"end":{"line":23,"column":34}},{"start":{"line":23,"column":38},"end":{"line":23,"column":40}}],"line":23},"4":{"loc":{"start":{"line":24,"column":6},"end":{"line":28,"column":7}},"type":"if","locations":[{"start":{"line":24,"column":6},"end":{"line":28,"column":7}},{"start":{},"end":{}}],"line":24},"5":{"loc":{"start":{"line":33,"column":4},"end":{"line":33,"column":116}},"type":"if","locations":[{"start":{"line":33,"column":4},"end":{"line":33,"column":116}},{"start":{},"end":{}}],"line":33},"6":{"loc":{"start":{"line":33,"column":8},"end":{"line":33,"column":105}},"type":"binary-expr","locations":[{"start":{"line":33,"column":8},"end":{"line":33,"column":14}},{"start":{"line":33,"column":18},"end":{"line":33,"column":44}},{"start":{"line":33,"column":48},"end":{"line":33,"column":76}},{"start":{"line":33,"column":80},"end":{"line":33,"column":105}}],"line":33},"7":{"loc":{"start":{"line":67,"column":21},"end":{"line":67,"column":44}},"type":"binary-expr","locations":[{"start":{"line":67,"column":21},"end":{"line":67,"column":38}},{"start":{"line":67,"column":42},"end":{"line":67,"column":44}}],"line":67},"8":{"loc":{"start":{"line":78,"column":2},"end":{"line":82,"column":3}},"type":"if","locations":[{"start":{"line":78,"column":2},"end":{"line":82,"column":3}},{"start":{},"end":{}}],"line":78},"9":{"loc":{"start":{"line":89,"column":2},"end":{"line":93,"column":3}},"type":"if","locations":[{"start":{"line":89,"column":2},"end":{"line":93,"column":3}},{"start":{},"end":{}}],"line":89},"10":{"loc":{"start":{"line":95,"column":18},"end":{"line":95,"column":41}},"type":"binary-expr","locations":[{"start":{"line":95,"column":18},"end":{"line":95,"column":35}},{"start":{"line":95,"column":39},"end":{"line":95,"column":41}}],"line":95},"11":{"loc":{"start":{"line":99,"column":2},"end":{"line":106,"column":3}},"type":"if","locations":[{"start":{"line":99,"column":2},"end":{"line":106,"column":3}},{"start":{},"end":{}}],"line":99},"12":{"loc":{"start":{"line":101,"column":4},"end":{"line":105,"column":5}},"type":"if","locations":[{"start":{"line":101,"column":4},"end":{"line":105,"column":5}},{"start":{},"end":{}}],"line":101},"13":{"loc":{"start":{"line":111,"column":70},"end":{"line":111,"column":90}},"type":"binary-expr","locations":[{"start":{"line":111,"column":70},"end":{"line":111,"column":84}},{"start":{"line":111,"column":88},"end":{"line":111,"column":90}}],"line":111},"14":{"loc":{"start":{"line":120,"column":2},"end":{"line":131,"column":3}},"type":"if","locations":[{"start":{"line":120,"column":2},"end":{"line":131,"column":3}},{"start":{},"end":{}}],"line":120},"15":{"loc":{"start":{"line":136,"column":17},"end":{"line":136,"column":39}},"type":"binary-expr","locations":[{"start":{"line":136,"column":17},"end":{"line":136,"column":33}},{"start":{"line":136,"column":37},"end":{"line":136,"column":39}}],"line":136},"16":{"loc":{"start":{"line":139,"column":12},"end":{"line":139,"column":36}},"type":"binary-expr","locations":[{"start":{"line":139,"column":12},"end":{"line":139,"column":23}},{"start":{"line":139,"column":27},"end":{"line":139,"column":36}}],"line":139},"17":{"loc":{"start":{"line":141,"column":17},"end":{"line":141,"column":46}},"type":"binary-expr","locations":[{"start":{"line":141,"column":17},"end":{"line":141,"column":33}},{"start":{"line":141,"column":37},"end":{"line":141,"column":46}}],"line":141},"18":{"loc":{"start":{"line":142,"column":16},"end":{"line":142,"column":36}},"type":"binary-expr","locations":[{"start":{"line":142,"column":16},"end":{"line":142,"column":31}},{"start":{"line":142,"column":35},"end":{"line":142,"column":36}}],"line":142},"19":{"loc":{"start":{"line":163,"column":2},"end":{"line":167,"column":3}},"type":"if","locations":[{"start":{"line":163,"column":2},"end":{"line":167,"column":3}},{"start":{},"end":{}}],"line":163},"20":{"loc":{"start":{"line":170,"column":2},"end":{"line":174,"column":3}},"type":"if","locations":[{"start":{"line":170,"column":2},"end":{"line":174,"column":3}},{"start":{},"end":{}}],"line":170},"21":{"loc":{"start":{"line":179,"column":4},"end":{"line":179,"column":57}},"type":"if","locations":[{"start":{"line":179,"column":4},"end":{"line":179,"column":57}},{"start":{},"end":{}}],"line":179},"22":{"loc":{"start":{"line":184,"column":4},"end":{"line":186,"column":12}},"type":"cond-expr","locations":[{"start":{"line":185,"column":8},"end":{"line":185,"column":116}},{"start":{"line":186,"column":8},"end":{"line":186,"column":12}}],"line":184},"23":{"loc":{"start":{"line":188,"column":2},"end":{"line":223,"column":3}},"type":"if","locations":[{"start":{"line":188,"column":2},"end":{"line":223,"column":3}},{"start":{},"end":{}}],"line":188},"24":{"loc":{"start":{"line":189,"column":4},"end":{"line":193,"column":5}},"type":"if","locations":[{"start":{"line":189,"column":4},"end":{"line":193,"column":5}},{"start":{},"end":{}}],"line":189},"25":{"loc":{"start":{"line":195,"column":4},"end":{"line":199,"column":5}},"type":"if","locations":[{"start":{"line":195,"column":4},"end":{"line":199,"column":5}},{"start":{},"end":{}}],"line":195},"26":{"loc":{"start":{"line":204,"column":20},"end":{"line":206,"column":57}},"type":"cond-expr","locations":[{"start":{"line":205,"column":10},"end":{"line":205,"column":41}},{"start":{"line":206,"column":10},"end":{"line":206,"column":57}}],"line":204},"27":{"loc":{"start":{"line":206,"column":11},"end":{"line":206,"column":31}},"type":"binary-expr","locations":[{"start":{"line":206,"column":11},"end":{"line":206,"column":25}},{"start":{"line":206,"column":29},"end":{"line":206,"column":31}}],"line":206},"28":{"loc":{"start":{"line":211,"column":4},"end":{"line":222,"column":5}},"type":"if","locations":[{"start":{"line":211,"column":4},"end":{"line":222,"column":5}},{"start":{},"end":{}}],"line":211},"29":{"loc":{"start":{"line":227,"column":2},"end":{"line":227,"column":41}},"type":"if","locations":[{"start":{"line":227,"column":2},"end":{"line":227,"column":41}},{"start":{},"end":{}}],"line":227},"30":{"loc":{"start":{"line":230,"column":2},"end":{"line":230,"column":56}},"type":"if","locations":[{"start":{"line":230,"column":2},"end":{"line":230,"column":56}},{"start":{},"end":{}}],"line":230},"31":{"loc":{"start":{"line":231,"column":2},"end":{"line":231,"column":74}},"type":"if","locations":[{"start":{"line":231,"column":2},"end":{"line":231,"column":74}},{"start":{},"end":{}}],"line":231},"32":{"loc":{"start":{"line":232,"column":2},"end":{"line":232,"column":65}},"type":"if","locations":[{"start":{"line":232,"column":2},"end":{"line":232,"column":65}},{"start":{},"end":{}}],"line":232},"33":{"loc":{"start":{"line":233,"column":2},"end":{"line":233,"column":83}},"type":"if","locations":[{"start":{"line":233,"column":2},"end":{"line":233,"column":83}},{"start":{},"end":{}}],"line":233},"34":{"loc":{"start":{"line":234,"column":2},"end":{"line":234,"column":59}},"type":"if","locations":[{"start":{"line":234,"column":2},"end":{"line":234,"column":59}},{"start":{},"end":{}}],"line":234},"35":{"loc":{"start":{"line":235,"column":2},"end":{"line":235,"column":74}},"type":"if","locations":[{"start":{"line":235,"column":2},"end":{"line":235,"column":74}},{"start":{},"end":{}}],"line":235},"36":{"loc":{"start":{"line":236,"column":2},"end":{"line":236,"column":71}},"type":"if","locations":[{"start":{"line":236,"column":2},"end":{"line":236,"column":71}},{"start":{},"end":{}}],"line":236},"37":{"loc":{"start":{"line":253,"column":2},"end":{"line":265,"column":3}},"type":"if","locations":[{"start":{"line":253,"column":2},"end":{"line":265,"column":3}},{"start":{},"end":{}}],"line":253},"38":{"loc":{"start":{"line":267,"column":2},"end":{"line":269,"column":3}},"type":"if","locations":[{"start":{"line":267,"column":2},"end":{"line":269,"column":3}},{"start":{},"end":{}}],"line":267},"39":{"loc":{"start":{"line":267,"column":6},"end":{"line":267,"column":57}},"type":"binary-expr","locations":[{"start":{"line":267,"column":6},"end":{"line":267,"column":30}},{"start":{"line":267,"column":34},"end":{"line":267,"column":57}}],"line":267},"40":{"loc":{"start":{"line":273,"column":2},"end":{"line":275,"column":3}},"type":"if","locations":[{"start":{"line":273,"column":2},"end":{"line":275,"column":3}},{"start":{},"end":{}}],"line":273},"41":{"loc":{"start":{"line":277,"column":2},"end":{"line":290,"column":3}},"type":"if","locations":[{"start":{"line":277,"column":2},"end":{"line":290,"column":3}},{"start":{},"end":{}}],"line":277},"42":{"loc":{"start":{"line":277,"column":6},"end":{"line":277,"column":63}},"type":"binary-expr","locations":[{"start":{"line":277,"column":6},"end":{"line":277,"column":32}},{"start":{"line":277,"column":36},"end":{"line":277,"column":63}}],"line":277},"43":{"loc":{"start":{"line":278,"column":4},"end":{"line":289,"column":5}},"type":"if","locations":[{"start":{"line":278,"column":4},"end":{"line":289,"column":5}},{"start":{},"end":{}}],"line":278},"44":{"loc":{"start":{"line":278,"column":8},"end":{"line":278,"column":52}},"type":"binary-expr","locations":[{"start":{"line":278,"column":8},"end":{"line":278,"column":30}},{"start":{"line":278,"column":34},"end":{"line":278,"column":52}}],"line":278},"45":{"loc":{"start":{"line":297,"column":2},"end":{"line":301,"column":3}},"type":"if","locations":[{"start":{"line":297,"column":2},"end":{"line":301,"column":3}},{"start":{},"end":{}}],"line":297},"46":{"loc":{"start":{"line":303,"column":2},"end":{"line":307,"column":3}},"type":"if","locations":[{"start":{"line":303,"column":2},"end":{"line":307,"column":3}},{"start":{},"end":{}}],"line":303},"47":{"loc":{"start":{"line":311,"column":4},"end":{"line":311,"column":57}},"type":"if","locations":[{"start":{"line":311,"column":4},"end":{"line":311,"column":57}},{"start":{},"end":{}}],"line":311},"48":{"loc":{"start":{"line":314,"column":2},"end":{"line":318,"column":3}},"type":"if","locations":[{"start":{"line":314,"column":2},"end":{"line":318,"column":3}},{"start":{},"end":{}}],"line":314},"49":{"loc":{"start":{"line":319,"column":2},"end":{"line":323,"column":3}},"type":"if","locations":[{"start":{"line":319,"column":2},"end":{"line":323,"column":3}},{"start":{},"end":{}}],"line":319},"50":{"loc":{"start":{"line":347,"column":2},"end":{"line":351,"column":3}},"type":"if","locations":[{"start":{"line":347,"column":2},"end":{"line":351,"column":3}},{"start":{},"end":{}}],"line":347},"51":{"loc":{"start":{"line":353,"column":2},"end":{"line":357,"column":3}},"type":"if","locations":[{"start":{"line":353,"column":2},"end":{"line":357,"column":3}},{"start":{},"end":{}}],"line":353},"52":{"loc":{"start":{"line":362,"column":14},"end":{"line":362,"column":55}},"type":"cond-expr","locations":[{"start":{"line":362,"column":27},"end":{"line":362,"column":48}},{"start":{"line":362,"column":51},"end":{"line":362,"column":55}}],"line":362}},"s":{"0":0,"1":0,"2":0,"3":0,"4":0,"5":0,"6":0,"7":0,"8":0,"9":0,"10":0,"11":0,"12":0,"13":0,"14":0,"15":0,"16":0,"17":0,"18":0,"19":0,"20":0,"21":0,"22":0,"23":0,"24":0,"25":0,"26":0,"27":0,"28":0,"29":0,"30":0,"31":0,"32":0,"33":0,"34":0,"35":0,"36":0,"37":0,"38":0,"39":0,"40":0,"41":0,"42":0,"43":0,"44":0,"45":0,"46":0,"47":0,"48":0,"49":0,"50":0,"51":0,"52":0,"53":0,"54":0,"55":0,"56":0,"57":0,"58":0,"59":0,"60":0,"61":0,"62":0,"63":0,"64":0,"65":0,"66":0,"67":0,"68":0,"69":0,"70":0,"71":0,"72":0,"73":0,"74":0,"75":0,"76":0,"77":0,"78":0,"79":0,"80":0,"81":0,"82":0,"83":0,"84":0,"85":0,"86":0,"87":0,"88":0,"89":0,"90":0,"91":0,"92":0,"93":0,"94":0,"95":0,"96":0,"97":0,"98":0,"99":0,"100":0,"101":0,"102":0,"103":0,"104":0,"105":0,"106":0,"107":0,"108":0,"109":0,"110":0,"111":0,"112":0,"113":0,"114":0,"115":0,"116":0,"117":0,"118":0,"119":0,"120":0,"121":0,"122":0,"123":0,"124":0,"125":0,"126":0,"127":0,"128":0,"129":0,"130":0,"131":0,"132":0,"133":0,"134":0,"135":0,"136":0,"137":0,"138":0,"139":0,"140":0,"141":0,"142":0,"143":0,"144":0,"145":0,"146":0,"147":0,"148":0,"149":0,"150":0,"151":0,"152":0,"153":0,"154":0,"155":0,"156":0,"157":0,"158":0,"159":0,"160":0,"161":0,"162":0,"163":0,"164":0,"165":0,"166":0,"167":0,"168":0,"169":0,"170":0,"171":0,"172":0,"173":0,"174":0,"175":0,"176":0,"177":0,"178":0,"179":0,"180":0,"181":0,"182":0,"183":0,"184":0,"185":0,"186":0,"187":0,"188":0,"189":0,"190":0,"191":0,"192":0,"193":0},"f":{"0":0,"1":0,"2":0,"3":0,"4":0,"5":0,"6":0,"7":0,"8":0,"9":0,"10":0,"11":0,"12":0,"13":0,"14":0,"15":0,"16":0,"17":0,"18":0,"19":0,"20":0,"21":0,"22":0,"23":0,"24":0,"25":0},"b":{"0":[0,0],"1":[0,0],"2":[0,0],"3":[0,0],"4":[0,0],"5":[0,0],"6":[0,0,0,0],"7":[0,0],"8":[0,0],"9":[0,0],"10":[0,0],"11":[0,0],"12":[0,0],"13":[0,0],"14":[0,0],"15":[0,0],"16":[0,0],"17":[0,0],"18":[0,0],"19":[0,0],"20":[0,0],"21":[0,0],"22":[0,0],"23":[0,0],"24":[0,0],"25":[0,0],"26":[0,0],"27":[0,0],"28":[0,0],"29":[0,0],"30":[0,0],"31":[0,0],"32":[0,0],"33":[0,0],"34":[0,0],"35":[0,0],"36":[0,0],"37":[0,0],"38":[0,0],"39":[0,0],"40":[0,0],"41":[0,0],"42":[0,0],"43":[0,0],"44":[0,0],"45":[0,0],"46":[0,0],"47":[0,0],"48":[0,0],"49":[0,0],"50":[0,0],"51":[0,0],"52":[0,0]},"inputSourceMap":null}
,"D:\\esmagico\\backend\\src\\services\\webhookService.js": {"path":"D:\\esmagico\\backend\\src\\services\\webhookService.js","statementMap":{"0":{"start":{"line":4,"column":21},"end":{"line":4,"column":22}},"1":{"start":{"line":12,"column":15},"end":{"line":12,"column":17}},"2":{"start":{"line":13,"column":2},"end":{"line":48,"column":3}},"3":{"start":{"line":13,"column":21},"end":{"line":13,"column":22}},"4":{"start":{"line":14,"column":4},"end":{"line":47,"column":5}},"5":{"start":{"line":15,"column":18},"end":{"line":19,"column":8}},"6":{"start":{"line":18,"column":30},"end":{"line":18,"column":34}},"7":{"start":{"line":20,"column":22},"end":{"line":20,"column":59}},"8":{"start":{"line":21,"column":22},"end":{"line":21,"column":116}},"9":{"start":{"line":22,"column":6},"end":{"line":31,"column":9}},"10":{"start":{"line":32,"column":6},"end":{"line":32,"column":62}},"11":{"start":{"line":33,"column":6},"end":{"line":33,"column":45}},"12":{"start":{"line":33,"column":19},"end":{"line":33,"column":45}},"13":{"start":{"line":35,"column":18},"end":{"line":35,"column":49}},"14":{"start":{"line":36,"column":6},"end":{"line":45,"column":9}},"15":{"start":{"line":46,"column":6},"end":{"line":46,"column":57}},"16":{"start":{"line":49,"column":2},"end":{"line":49,"column":29}}},"fnMap":{"0":{"name":"deliverTaskCompletionWebhook","decl":{"start":{"line":6,"column":22},"end":{"line":6,"column":50}},"loc":{"start":{"line":11,"column":3},"end":{"line":50,"column":1}},"line":11},"1":{"name":"(anonymous_1)","decl":{"start":{"line":18,"column":24},"end":{"line":18,"column":25}},"loc":{"start":{"line":18,"column":30},"end":{"line":18,"column":34}},"line":18}},"branchMap":{"0":{"loc":{"start":{"line":20,"column":22},"end":{"line":20,"column":59}},"type":"binary-expr","locations":[{"start":{"line":20,"column":22},"end":{"line":20,"column":39}},{"start":{"line":20,"column":43},"end":{"line":20,"column":59}}],"line":20},"1":{"loc":{"start":{"line":21,"column":22},"end":{"line":21,"column":116}},"type":"cond-expr","locations":[{"start":{"line":21,"column":53},"end":{"line":21,"column":75}},{"start":{"line":21,"column":78},"end":{"line":21,"column":116}}],"line":21},"2":{"loc":{"start":{"line":29,"column":22},"end":{"line":29,"column":57}},"type":"cond-expr","locations":[{"start":{"line":29,"column":32},"end":{"line":29,"column":34}},{"start":{"line":29,"column":37},"end":{"line":29,"column":57}}],"line":29},"3":{"loc":{"start":{"line":33,"column":6},"end":{"line":33,"column":45}},"type":"if","locations":[{"start":{"line":33,"column":6},"end":{"line":33,"column":45}},{"start":{},"end":{}}],"line":33},"4":{"loc":{"start":{"line":35,"column":18},"end":{"line":35,"column":49}},"type":"binary-expr","locations":[{"start":{"line":35,"column":18},"end":{"line":35,"column":29}},{"start":{"line":35,"column":33},"end":{"line":35,"column":49}}],"line":35}},"s":{"0":0,"1":0,"2":0,"3":0,"4":0,"5":0,"6":0,"7":0,"8":0,"9":0,"10":0,"11":0,"12":0,"13":0,"14":0,"15":0,"16":0},"f":{"0":0,"1":0},"b":{"0":[0,0],"1":[0,0],"2":[0,0],"3":[0,0],"4":[0,0]},"inputSourceMap":null}
,"D:\\esmagico\\backend\\src\\socket\\socketHub.js": {"path":"D:\\esmagico\\backend\\src\\socket\\socketHub.js","statementMap":{"0":{"start":{"line":1,"column":17},"end":{"line":1,"column":21}},"1":{"start":{"line":4,"column":2},"end":{"line":4,"column":18}},"2":{"start":{"line":8,"column":2},"end":{"line":8,"column":26}},"3":{"start":{"line":8,"column":19},"end":{"line":8,"column":26}},"4":{"start":{"line":9,"column":2},"end":{"line":9,"column":61}}},"fnMap":{"0":{"name":"setSocketIo","decl":{"start":{"line":3,"column":16},"end":{"line":3,"column":27}},"loc":{"start":{"line":3,"column":32},"end":{"line":5,"column":1}},"line":3},"1":{"name":"emitToProject","decl":{"start":{"line":7,"column":16},"end":{"line":7,"column":29}},"loc":{"start":{"line":7,"column":57},"end":{"line":10,"column":1}},"line":7}},"branchMap":{"0":{"loc":{"start":{"line":8,"column":2},"end":{"line":8,"column":26}},"type":"if","locations":[{"start":{"line":8,"column":2},"end":{"line":8,"column":26}},{"start":{},"end":{}}],"line":8}},"s":{"0":0,"1":0,"2":0,"3":0,"4":0},"f":{"0":0,"1":0},"b":{"0":[0,0]},"inputSourceMap":null}
,"D:\\esmagico\\backend\\src\\utils\\apiResponse.js": {"path":"D:\\esmagico\\backend\\src\\utils\\apiResponse.js","statementMap":{"0":{"start":{"line":2,"column":2},"end":{"line":2,"column":58}},"1":{"start":{"line":6,"column":2},"end":{"line":6,"column":79}}},"fnMap":{"0":{"name":"ok","decl":{"start":{"line":1,"column":16},"end":{"line":1,"column":18}},"loc":{"start":{"line":1,"column":44},"end":{"line":3,"column":1}},"line":1},"1":{"name":"fail","decl":{"start":{"line":5,"column":16},"end":{"line":5,"column":20}},"loc":{"start":{"line":5,"column":61},"end":{"line":7,"column":1}},"line":5}},"branchMap":{"0":{"loc":{"start":{"line":1,"column":30},"end":{"line":1,"column":42}},"type":"default-arg","locations":[{"start":{"line":1,"column":39},"end":{"line":1,"column":42}}],"line":1},"1":{"loc":{"start":{"line":5,"column":35},"end":{"line":5,"column":47}},"type":"default-arg","locations":[{"start":{"line":5,"column":44},"end":{"line":5,"column":47}}],"line":5},"2":{"loc":{"start":{"line":5,"column":49},"end":{"line":5,"column":59}},"type":"default-arg","locations":[{"start":{"line":5,"column":57},"end":{"line":5,"column":59}}],"line":5}},"s":{"0":0,"1":0},"f":{"0":0,"1":0},"b":{"0":[0],"1":[0],"2":[0]},"inputSourceMap":null}
}
