TN:
SF:src\app.js
FN:6,createApp
FN:17,(anonymous_1)
FN:24,(anonymous_2)
FNF:3
FNH:0
FNDA:0,createApp
FNDA:0,(anonymous_1)
FNDA:0,(anonymous_2)
DA:7,0
DA:8,0
DA:9,0
DA:15,0
DA:17,0
DA:18,0
DA:21,0
DA:22,0
DA:24,0
DA:25,0
DA:26,0
DA:29,0
LF:12
LH:0
BRDA:8,0,0,0
BRDA:8,0,1,0
BRF:2
BRH:0
end_of_record
TN:
SF:src\config\db.js
FN:3,connectDb
FNF:1
FNH:0
FNDA:0,connectDb
DA:4,0
DA:5,0
DA:6,0
DA:8,0
DA:9,0
LF:5
LH:0
BRDA:5,0,0,0
BRDA:5,0,1,0
BRF:2
BRH:0
end_of_record
TN:
SF:src\controllers\auditController.js
FN:4,getAuditLogs
FN:15,getWebhookLogs
FNF:2
FNH:0
FNDA:0,getAuditLogs
FNDA:0,getWebhookLogs
DA:5,0
DA:6,0
DA:9,0
DA:11,0
DA:16,0
DA:17,0
DA:20,0
DA:22,0
LF:8
LH:0
BRDA:11,0,0,0
BRDA:11,0,1,0
BRDA:22,1,0,0
BRDA:22,1,1,0
BRF:4
BRH:0
end_of_record
TN:
SF:src\controllers\authController.js
FN:5,postSignup
FN:16,postLogin
FN:27,getMe
FNF:3
FNH:0
FNDA:0,postSignup
FNDA:0,postLogin
FNDA:0,getMe
DA:6,0
DA:7,0
DA:8,0
DA:9,0
DA:10,0
DA:12,0
DA:17,0
DA:18,0
DA:19,0
DA:20,0
DA:21,0
DA:23,0
DA:28,0
DA:29,0
DA:30,0
DA:31,0
DA:33,0
LF:17
LH:0
BRDA:12,0,0,0
BRDA:12,0,1,0
BRDA:23,1,0,0
BRDA:23,1,1,0
BRDA:30,2,0,0
BRDA:30,2,1,0
BRF:6
BRH:0
end_of_record
TN:
SF:src\controllers\orchestrationController.js
FN:4,postComputeExecution
FN:13,postSimulate
FNF:2
FNH:0
FNDA:0,postComputeExecution
FNDA:0,postSimulate
DA:5,0
DA:6,0
DA:7,0
DA:9,0
DA:14,0
DA:15,0
DA:19,0
DA:20,0
DA:22,0
DA:31,0
LF:10
LH:0
BRDA:9,0,0,0
BRDA:9,0,1,0
BRDA:19,1,0,0
BRDA:19,1,1,0
BRDA:31,2,0,0
BRDA:31,2,1,0
BRF:6
BRH:0
end_of_record
TN:
SF:src\controllers\projectController.js
FN:11,postCreateProject
FN:24,getProjects
FN:27,(anonymous_2)
FN:33,getProject
FN:43,patchWebhook
FN:55,postInvite
FN:64,postJoin
FNF:7
FNH:0
FNDA:0,postCreateProject
FNDA:0,getProjects
FNDA:0,(anonymous_2)
FNDA:0,getProject
FNDA:0,patchWebhook
FNDA:0,postInvite
FNDA:0,postJoin
DA:12,0
DA:13,0
DA:18,0
DA:20,0
DA:25,0
DA:26,0
DA:27,0
DA:29,0
DA:34,0
DA:35,0
DA:36,0
DA:37,0
DA:39,0
DA:44,0
DA:45,0
DA:49,0
DA:51,0
DA:56,0
DA:57,0
DA:58,0
DA:60,0
DA:65,0
DA:66,0
DA:67,0
DA:69,0
LF:25
LH:0
BRDA:20,0,0,0
BRDA:20,0,1,0
BRDA:36,1,0,0
BRDA:36,1,1,0
BRDA:51,2,0,0
BRDA:51,2,1,0
BRDA:60,3,0,0
BRDA:60,3,1,0
BRDA:69,4,0,0
BRDA:69,4,1,0
BRF:10
BRH:0
end_of_record
TN:
SF:src\controllers\taskController.js
FN:10,getTasks
FN:19,postTask
FN:28,patchTask
FN:44,postRetryTask
FN:60,getHistory
FNF:5
FNH:0
FNDA:0,getTasks
FNDA:0,postTask
FNDA:0,patchTask
FNDA:0,postRetryTask
FNDA:0,getHistory
DA:11,0
DA:12,0
DA:13,0
DA:15,0
DA:20,0
DA:21,0
DA:22,0
DA:24,0
DA:29,0
DA:30,0
DA:31,0
DA:33,0
DA:34,0
DA:40,0
DA:45,0
DA:46,0
DA:47,0
DA:49,0
DA:50,0
DA:56,0
DA:61,0
DA:62,0
DA:63,0
DA:65,0
LF:24
LH:0
BRDA:15,0,0,0
BRDA:15,0,1,0
BRDA:24,1,0,0
BRDA:24,1,1,0
BRDA:33,2,0,0
BRDA:33,2,1,0
BRDA:33,3,0,0
BRDA:33,3,1,0
BRDA:40,4,0,0
BRDA:40,4,1,0
BRDA:49,5,0,0
BRDA:49,5,1,0
BRDA:49,6,0,0
BRDA:49,6,1,0
BRDA:56,7,0,0
BRDA:56,7,1,0
BRDA:65,8,0,0
BRDA:65,8,1,0
BRF:18
BRH:0
end_of_record
TN:
SF:src\middleware\authMiddleware.js
FN:5,requireAuth
FNF:1
FNH:0
FNDA:0,requireAuth
DA:6,0
DA:7,0
DA:8,0
DA:9,0
DA:11,0
DA:12,0
DA:13,0
DA:14,0
DA:15,0
DA:16,0
DA:18,0
DA:19,0
DA:21,0
LF:13
LH:0
BRDA:6,0,0,0
BRDA:6,0,1,0
BRDA:7,1,0,0
BRDA:7,1,1,0
BRDA:8,2,0,0
BRDA:8,2,1,0
BRDA:15,3,0,0
BRDA:15,3,1,0
BRF:8
BRH:0
end_of_record
TN:
SF:src\middleware\validateRequest.js
FN:4,validateRequest
FNF:1
FNH:0
FNDA:0,validateRequest
DA:5,0
DA:6,0
DA:7,0
DA:9,0
LF:4
LH:0
BRDA:6,0,0,0
BRDA:6,0,1,0
BRDA:7,1,0,0
BRDA:7,1,1,0
BRF:4
BRH:0
end_of_record
TN:
SF:src\models\AuditLog.js
FNF:0
FNH:0
DA:3,0
DA:15,0
DA:16,0
DA:18,0
LF:4
LH:0
BRF:0
BRH:0
end_of_record
TN:
SF:src\models\Project.js
FN:27,toPublicJSON
FN:33,(anonymous_1)
FNF:2
FNH:0
FNDA:0,toPublicJSON
FNDA:0,(anonymous_1)
DA:3,0
DA:12,0
DA:24,0
DA:25,0
DA:27,0
DA:28,0
DA:33,0
DA:45,0
LF:8
LH:0
BRDA:39,0,0,0
BRDA:39,0,1,0
BRF:2
BRH:0
end_of_record
TN:
SF:src\models\Task.js
FN:25,toPublicJSON
FN:34,(anonymous_1)
FNF:2
FNH:0
FNDA:0,toPublicJSON
FNDA:0,(anonymous_1)
DA:3,0
DA:5,0
DA:23,0
DA:25,0
DA:26,0
DA:34,0
DA:44,0
LF:7
LH:0
BRF:0
BRH:0
end_of_record
TN:
SF:src\models\TaskVersionHistory.js
FNF:0
FNH:0
DA:3,0
DA:18,0
DA:29,0
DA:31,0
LF:4
LH:0
BRF:0
BRH:0
end_of_record
TN:
SF:src\models\User.js
FN:12,toPublicJSON
FNF:1
FNH:0
FNDA:0,toPublicJSON
DA:3,0
DA:12,0
DA:13,0
DA:21,0
LF:4
LH:0
BRF:0
BRH:0
end_of_record
TN:
SF:src\models\WebhookDeliveryLog.js
FNF:0
FNH:0
DA:3,0
DA:17,0
LF:2
LH:0
BRF:0
BRH:0
end_of_record
TN:
SF:src\routes\authRoutes.js
FNF:0
FNH:0
DA:7,0
DA:9,0
DA:20,0
DA:30,0
LF:4
LH:0
BRF:0
BRH:0
end_of_record
TN:
SF:src\routes\projectRoutes.js
FNF:0
FNH:0
DA:17,0
DA:19,0
DA:21,0
DA:27,0
DA:28,0
DA:35,0
DA:36,0
DA:45,0
DA:46,0
DA:47,0
DA:49,0
DA:50,0
DA:60,0
LF:13
LH:0
BRF:0
BRH:0
end_of_record
TN:
SF:src\routes\taskRoutes.js
FNF:0
FNH:0
DA:12,0
DA:14,0
DA:16,0
DA:18,0
DA:34,0
DA:52,0
DA:59,0
LF:7
LH:0
BRF:0
BRH:0
end_of_record
TN:
SF:src\services\auditQueryService.js
FN:5,listAuditLogs
FN:21,(anonymous_1)
FN:32,listWebhookLogs
FN:42,(anonymous_3)
FNF:4
FNH:0
FNDA:0,listAuditLogs
FNDA:0,(anonymous_1)
FNDA:0,listWebhookLogs
FNDA:0,(anonymous_3)
DA:6,0
DA:7,0
DA:8,0
DA:9,0
DA:10,0
DA:12,0
DA:21,0
DA:33,0
DA:34,0
DA:35,0
DA:36,0
DA:37,0
DA:39,0
DA:42,0
LF:14
LH:0
BRDA:5,0,0,0
BRDA:5,1,0,0
BRDA:7,2,0,0
BRDA:7,2,1,0
BRDA:19,3,0,0
BRDA:19,3,1,0
BRDA:23,4,0,0
BRDA:23,4,1,0
BRDA:32,5,0,0
BRDA:32,6,0,0
BRDA:34,7,0,0
BRDA:34,7,1,0
BRDA:41,8,0,0
BRDA:41,8,1,0
BRF:14
BRH:0
end_of_record
TN:
SF:src\services\auditService.js
FN:3,logAudit
FNF:1
FNH:0
FNDA:0,logAudit
DA:4,0
LF:1
LH:0
BRDA:3,0,0,0
BRDA:3,1,0,0
BRDA:3,2,0,0
BRDA:8,3,0,0
BRDA:8,3,1,0
BRF:5
BRH:0
end_of_record
TN:
SF:src\services\authService.js
FN:8,signup
FN:31,login
FN:41,signAuthToken
FN:47,verifyAuthToken
FNF:4
FNH:0
FNDA:0,signup
FNDA:0,login
FNDA:0,signAuthToken
FNDA:0,verifyAuthToken
DA:6,0
DA:9,0
DA:10,0
DA:11,0
DA:12,0
DA:13,0
DA:15,0
DA:16,0
DA:21,0
DA:28,0
DA:32,0
DA:33,0
DA:34,0
DA:35,0
DA:36,0
DA:38,0
DA:42,0
DA:43,0
DA:44,0
DA:48,0
DA:49,0
DA:50,0
LF:22
LH:0
BRDA:10,0,0,0
BRDA:10,0,1,0
BRDA:19,1,0,0
BRDA:19,1,1,0
BRDA:33,2,0,0
BRDA:33,2,1,0
BRDA:33,3,0,0
BRDA:33,3,1,0
BRDA:43,4,0,0
BRDA:43,4,1,0
BRDA:49,5,0,0
BRDA:49,5,1,0
BRF:12
BRH:0
end_of_record
TN:
SF:src\services\dependencyGraph.js
FN:6,topologicalSortDeterministic
FN:7,(anonymous_1)
FN:12,(anonymous_2)
FN:23,(anonymous_3)
FN:25,compareReady
FN:71,wouldCreateCycle
FN:72,(anonymous_6)
FN:76,(anonymous_7)
FN:78,(anonymous_8)
FN:81,(anonymous_9)
FN:91,buildTaskSnapshotForGraph
FN:94,(anonymous_11)
FNF:12
FNH:12
FNDA:13,topologicalSortDeterministic
FNDA:26,(anonymous_1)
FNDA:10,(anonymous_2)
FNDA:26,(anonymous_3)
FNDA:8,compareReady
FNDA:2,wouldCreateCycle
FNDA:4,(anonymous_6)
FNDA:2,(anonymous_7)
FNDA:1,(anonymous_8)
FNDA:4,(anonymous_9)
FNDA:12,buildTaskSnapshotForGraph
FNDA:3,(anonymous_11)
DA:7,26
DA:8,13
DA:9,13
DA:11,13
DA:12,26
DA:13,26
DA:15,13
DA:16,26
DA:17,10
DA:18,10
DA:19,10
DA:23,26
DA:26,8
DA:27,8
DA:28,8
DA:29,6
DA:30,6
DA:31,6
DA:32,6
DA:33,2
DA:36,13
DA:37,13
DA:38,26
DA:40,13
DA:42,13
DA:43,13
DA:44,22
DA:45,22
DA:46,22
DA:47,22
DA:48,6
DA:49,6
DA:50,6
DA:51,6
DA:52,6
DA:53,0
DA:54,0
DA:55,0
DA:56,0
DA:59,6
DA:64,13
DA:65,13
DA:72,4
DA:73,2
DA:74,2
DA:75,4
DA:76,2
DA:78,2
DA:81,4
DA:88,2
DA:92,12
DA:94,3
LF:52
LH:48
BRDA:13,0,0,26
BRDA:13,0,1,0
BRDA:17,1,0,0
BRDA:17,1,1,10
BRDA:18,2,0,0
BRDA:18,2,1,10
BRDA:28,3,0,2
BRDA:28,3,1,6
BRDA:29,4,0,0
BRDA:29,4,1,6
BRDA:32,5,0,4
BRDA:32,5,1,2
BRDA:38,6,0,16
BRDA:38,6,1,10
BRDA:46,7,0,22
BRDA:46,7,1,0
BRDA:50,8,0,6
BRDA:50,8,1,0
BRDA:53,9,0,0
BRDA:53,9,1,0
BRDA:59,10,0,6
BRDA:59,10,1,0
BRDA:75,11,0,2
BRDA:75,11,1,2
BRDA:76,12,0,2
BRDA:76,12,1,2
BRDA:78,13,0,2
BRDA:78,13,1,0
BRDA:78,14,0,1
BRDA:78,14,1,1
BRDA:83,15,0,4
BRDA:83,15,1,0
BRDA:84,16,0,4
BRDA:84,16,1,0
BRDA:85,17,0,4
BRDA:85,17,1,0
BRDA:86,18,0,4
BRDA:86,18,1,0
BRDA:94,19,0,12
BRDA:94,19,1,0
BRF:40
BRH:25
end_of_record
TN:
SF:src\services\executionEngine.js
FN:11,computeExecutionPlan
FN:12,(anonymous_1)
FN:13,(anonymous_2)
FN:17,(anonymous_3)
FN:26,(anonymous_4)
FN:28,depsCompleted
FN:29,(anonymous_6)
FN:29,(anonymous_7)
FN:30,(anonymous_8)
FN:56,(anonymous_9)
FNF:10
FNH:10
FNDA:5,computeExecutionPlan
FNDA:10,(anonymous_1)
FNDA:10,(anonymous_2)
FNDA:3,(anonymous_3)
FNDA:10,(anonymous_4)
FNDA:8,depsCompleted
FNDA:3,(anonymous_6)
FNDA:3,(anonymous_7)
FNDA:3,(anonymous_8)
FNDA:10,(anonymous_9)
DA:3,1
DA:4,1
DA:5,1
DA:12,10
DA:13,5
DA:14,10
DA:15,10
DA:17,3
DA:21,5
DA:22,5
DA:23,0
DA:26,10
DA:29,8
DA:30,8
DA:33,5
DA:34,5
DA:35,10
DA:36,1
DA:40,5
DA:41,5
DA:42,10
DA:43,10
DA:44,8
DA:45,5
DA:46,5
DA:47,3
DA:48,3
DA:51,5
DA:56,10
LF:29
LH:28
BRDA:22,0,0,0
BRDA:22,0,1,5
BRDA:29,1,0,8
BRDA:29,1,1,0
BRDA:35,2,0,1
BRDA:35,2,1,9
BRDA:36,3,0,1
BRDA:36,3,1,1
BRDA:43,4,0,2
BRDA:43,4,1,8
BRDA:43,5,0,10
BRDA:43,5,1,10
BRDA:44,6,0,3
BRDA:44,6,1,5
BRDA:45,7,0,5
BRDA:45,7,1,3
BRDA:46,8,0,2
BRDA:46,8,1,3
BRDA:47,9,0,0
BRDA:47,9,1,3
BRF:20
BRH:17
end_of_record
TN:
SF:src\services\inviteService.js
FN:5,signProjectInvite
FN:11,verifyProjectInvite
FNF:2
FNH:0
FNDA:0,signProjectInvite
FNDA:0,verifyProjectInvite
DA:3,0
DA:6,0
DA:7,0
DA:8,0
DA:12,0
DA:13,0
DA:14,0
DA:15,0
DA:16,0
DA:18,0
LF:10
LH:0
BRDA:7,0,0,0
BRDA:7,0,1,0
BRDA:13,1,0,0
BRDA:13,1,1,0
BRDA:15,2,0,0
BRDA:15,2,1,0
BRDA:15,3,0,0
BRDA:15,3,1,0
BRF:8
BRH:0
end_of_record
TN:
SF:src\services\optimisticLock.js
FN:1,validateTaskVersion
FNF:1
FNH:1
FNDA:4,validateTaskVersion
DA:2,4
DA:3,2
DA:4,2
DA:5,2
DA:7,2
DA:8,1
DA:9,1
DA:10,1
LF:8
LH:8
BRDA:2,0,0,2
BRDA:2,0,1,2
BRDA:2,1,0,4
BRDA:2,1,1,2
BRDA:7,2,0,1
BRDA:7,2,1,1
BRF:6
BRH:6
end_of_record
TN:
SF:src\services\orchestrationService.js
FN:6,runComputeExecution
FN:27,runSimulation
FNF:2
FNH:0
FNDA:0,runComputeExecution
FNDA:0,runSimulation
DA:7,0
DA:8,0
DA:9,0
DA:10,0
DA:11,0
DA:13,0
DA:14,0
DA:15,0
DA:16,0
DA:17,0
DA:18,0
DA:20,0
DA:28,0
DA:29,0
DA:30,0
DA:31,0
DA:32,0
DA:34,0
DA:35,0
LF:19
LH:0
BRDA:8,0,0,0
BRDA:8,0,1,0
BRDA:15,1,0,0
BRDA:15,1,1,0
BRDA:29,2,0,0
BRDA:29,2,1,0
BRF:6
BRH:0
end_of_record
TN:
SF:src\services\projectService.js
FN:5,createProject
FN:22,listProjectsForUser
FN:26,getProjectIfMember
FN:29,(anonymous_3)
FN:34,updateProjectWebhook
FN:53,createInviteToken
FN:57,generateInvite
FN:75,joinProjectWithToken
FN:90,(anonymous_8)
FNF:9
FNH:0
FNDA:0,createProject
FNDA:0,listProjectsForUser
FNDA:0,getProjectIfMember
FNDA:0,(anonymous_3)
FNDA:0,updateProjectWebhook
FNDA:0,createInviteToken
FNDA:0,generateInvite
FNDA:0,joinProjectWithToken
FNDA:0,(anonymous_8)
DA:6,0
DA:12,0
DA:19,0
DA:23,0
DA:27,0
DA:28,0
DA:29,0
DA:30,0
DA:31,0
DA:35,0
DA:36,0
DA:37,0
DA:38,0
DA:39,0
DA:41,0
DA:42,0
DA:43,0
DA:44,0
DA:45,0
DA:47,0
DA:48,0
DA:49,0
DA:50,0
DA:54,0
DA:58,0
DA:59,0
DA:60,0
DA:61,0
DA:62,0
DA:64,0
DA:65,0
DA:72,0
DA:77,0
DA:78,0
DA:80,0
DA:81,0
DA:82,0
DA:84,0
DA:85,0
DA:86,0
DA:87,0
DA:88,0
DA:90,0
DA:91,0
DA:92,0
DA:93,0
DA:94,0
DA:102,0
LF:48
LH:0
BRDA:8,0,0,0
BRDA:8,0,1,0
BRDA:28,1,0,0
BRDA:28,1,1,0
BRDA:30,2,0,0
BRDA:30,2,1,0
BRDA:36,3,0,0
BRDA:36,3,1,0
BRDA:42,4,0,0
BRDA:42,4,1,0
BRDA:47,5,0,0
BRDA:47,5,1,0
BRDA:47,6,0,0
BRDA:47,6,1,0
BRDA:48,7,0,0
BRDA:48,7,1,0
BRDA:59,8,0,0
BRDA:59,8,1,0
BRDA:85,9,0,0
BRDA:85,9,1,0
BRDA:91,10,0,0
BRDA:91,10,1,0
BRF:22
BRH:0
end_of_record
TN:
SF:src\services\simulationEngine.js
FN:9,computeBlockedByFailures
FN:10,(anonymous_1)
FN:26,(anonymous_2)
FN:39,simulateSchedule
FN:43,(anonymous_4)
FN:48,(anonymous_5)
FN:49,(anonymous_6)
FN:53,(anonymous_7)
FN:78,(anonymous_8)
FN:80,(anonymous_9)
FN:80,(anonymous_10)
FN:81,(anonymous_11)
FNF:12
FNH:8
FNDA:2,computeBlockedByFailures
FNDA:4,(anonymous_1)
FNDA:1,(anonymous_2)
FNDA:2,simulateSchedule
FNDA:4,(anonymous_4)
FNDA:2,(anonymous_5)
FNDA:2,(anonymous_6)
FNDA:0,(anonymous_7)
FNDA:3,(anonymous_8)
FNDA:0,(anonymous_9)
FNDA:0,(anonymous_10)
FNDA:0,(anonymous_11)
DA:3,1
DA:4,1
DA:10,4
DA:11,2
DA:12,2
DA:14,2
DA:15,2
DA:16,3
DA:17,3
DA:18,6
DA:19,6
DA:20,5
DA:21,0
DA:22,0
DA:23,0
DA:25,5
DA:26,3
DA:27,3
DA:28,1
DA:29,1
DA:30,1
DA:31,1
DA:36,2
DA:40,2
DA:41,2
DA:43,2
DA:44,4
DA:45,4
DA:48,2
DA:49,2
DA:50,2
DA:51,2
DA:53,0
DA:57,2
DA:58,2
DA:59,0
DA:69,2
DA:70,2
DA:72,2
DA:73,2
DA:74,2
DA:75,2
DA:77,2
DA:78,3
DA:79,2
DA:80,2
DA:81,2
DA:82,2
DA:83,0
DA:84,0
DA:86,2
DA:87,2
DA:88,1
DA:89,1
DA:90,1
DA:91,1
DA:93,1
DA:97,2
LF:58
LH:51
BRDA:19,0,0,1
BRDA:19,0,1,5
BRDA:20,1,0,0
BRDA:20,1,1,5
BRDA:25,2,0,2
BRDA:25,2,1,3
BRDA:26,3,0,3
BRDA:26,3,1,0
BRDA:28,4,0,1
BRDA:28,4,1,0
BRDA:28,5,0,1
BRDA:28,5,1,0
BRDA:39,6,0,0
BRDA:40,7,0,2
BRDA:40,7,1,0
BRDA:45,8,0,4
BRDA:45,8,1,3
BRDA:45,8,2,2
BRDA:58,9,0,0
BRDA:58,9,1,2
BRDA:70,10,0,0
BRDA:70,10,1,2
BRDA:70,11,0,2
BRDA:70,11,1,2
BRDA:79,12,0,0
BRDA:79,12,1,2
BRDA:80,13,0,2
BRDA:80,13,1,0
BRDA:82,14,0,0
BRDA:82,14,1,2
BRDA:87,15,0,1
BRDA:87,15,1,1
BRF:32
BRH:21
end_of_record
TN:
SF:src\services\taskService.js
FN:11,propagateBlockedAfterFailure
FN:23,(anonymous_1)
FN:24,(anonymous_2)
FN:56,saveVersionSnapshot
FN:67,(anonymous_4)
FN:76,listTasks
FN:84,(anonymous_6)
FN:87,createTask
FN:96,(anonymous_8)
FN:97,(anonymous_9)
FN:111,(anonymous_10)
FN:111,(anonymous_11)
FN:114,(anonymous_12)
FN:120,(anonymous_13)
FN:161,updateTask
FN:185,(anonymous_15)
FN:185,(anonymous_16)
FN:189,(anonymous_17)
FN:202,(anonymous_18)
FN:205,(anonymous_19)
FN:206,(anonymous_20)
FN:211,(anonymous_21)
FN:288,(anonymous_22)
FN:295,retryTask
FN:345,getTaskHistory
FN:359,(anonymous_25)
FNF:26
FNH:0
FNDA:0,propagateBlockedAfterFailure
FNDA:0,(anonymous_1)
FNDA:0,(anonymous_2)
FNDA:0,saveVersionSnapshot
FNDA:0,(anonymous_4)
FNDA:0,listTasks
FNDA:0,(anonymous_6)
FNDA:0,createTask
FNDA:0,(anonymous_8)
FNDA:0,(anonymous_9)
FNDA:0,(anonymous_10)
FNDA:0,(anonymous_11)
FNDA:0,(anonymous_12)
FNDA:0,(anonymous_13)
FNDA:0,updateTask
FNDA:0,(anonymous_15)
FNDA:0,(anonymous_16)
FNDA:0,(anonymous_17)
FNDA:0,(anonymous_18)
FNDA:0,(anonymous_19)
FNDA:0,(anonymous_20)
FNDA:0,(anonymous_21)
FNDA:0,(anonymous_22)
FNDA:0,retryTask
FNDA:0,getTaskHistory
FNDA:0,(anonymous_25)
DA:12,0
DA:13,0
DA:14,0
DA:15,0
DA:16,0
DA:17,0
DA:18,0
DA:19,0
DA:20,0
DA:21,0
DA:22,0
DA:23,0
DA:24,0
DA:25,0
DA:26,0
DA:27,0
DA:31,0
DA:32,0
DA:33,0
DA:34,0
DA:35,0
DA:36,0
DA:37,0
DA:38,0
DA:39,0
DA:46,0
DA:47,0
DA:48,0
DA:57,0
DA:67,0
DA:77,0
DA:78,0
DA:79,0
DA:80,0
DA:81,0
DA:83,0
DA:84,0
DA:88,0
DA:89,0
DA:90,0
DA:91,0
DA:92,0
DA:95,0
DA:96,0
DA:97,0
DA:99,0
DA:100,0
DA:101,0
DA:102,0
DA:103,0
DA:104,0
DA:108,0
DA:109,0
DA:110,0
DA:111,0
DA:114,0
DA:120,0
DA:121,0
DA:128,0
DA:129,0
DA:130,0
DA:133,0
DA:148,0
DA:156,0
DA:157,0
DA:158,0
DA:162,0
DA:163,0
DA:164,0
DA:165,0
DA:166,0
DA:169,0
DA:170,0
DA:171,0
DA:172,0
DA:173,0
DA:176,0
DA:177,0
DA:179,0
DA:180,0
DA:184,0
DA:185,0
DA:188,0
DA:189,0
DA:190,0
DA:191,0
DA:192,0
DA:194,0
DA:195,0
DA:196,0
DA:197,0
DA:198,0
DA:201,0
DA:202,0
DA:205,0
DA:206,0
DA:211,0
DA:212,0
DA:219,0
DA:220,0
DA:221,0
DA:225,0
DA:227,0
DA:228,0
DA:230,0
DA:231,0
DA:232,0
DA:233,0
DA:234,0
DA:235,0
DA:236,0
DA:238,0
DA:239,0
DA:241,0
DA:253,0
DA:254,0
DA:267,0
DA:268,0
DA:271,0
DA:272,0
DA:273,0
DA:274,0
DA:277,0
DA:278,0
DA:279,0
DA:292,0
DA:296,0
DA:297,0
DA:298,0
DA:299,0
DA:300,0
DA:302,0
DA:303,0
DA:304,0
DA:305,0
DA:306,0
DA:308,0
DA:309,0
DA:311,0
DA:312,0
DA:314,0
DA:315,0
DA:316,0
DA:317,0
DA:319,0
DA:320,0
DA:321,0
DA:322,0
DA:325,0
DA:326,0
DA:327,0
DA:328,0
DA:329,0
DA:331,0
DA:339,0
DA:340,0
DA:341,0
DA:342,0
DA:346,0
DA:347,0
DA:348,0
DA:349,0
DA:350,0
DA:352,0
DA:353,0
DA:354,0
DA:355,0
DA:356,0
DA:358,0
DA:359,0
LF:170
LH:0
BRDA:20,0,0,0
BRDA:20,0,1,0
BRDA:21,1,0,0
BRDA:21,1,1,0
BRDA:22,2,0,0
BRDA:22,2,1,0
BRDA:23,3,0,0
BRDA:23,3,1,0
BRDA:24,4,0,0
BRDA:24,4,1,0
BRDA:33,5,0,0
BRDA:33,5,1,0
BRDA:33,6,0,0
BRDA:33,6,1,0
BRDA:33,6,2,0
BRDA:33,6,3,0
BRDA:67,7,0,0
BRDA:67,7,1,0
BRDA:78,8,0,0
BRDA:78,8,1,0
BRDA:89,9,0,0
BRDA:89,9,1,0
BRDA:95,10,0,0
BRDA:95,10,1,0
BRDA:99,11,0,0
BRDA:99,11,1,0
BRDA:101,12,0,0
BRDA:101,12,1,0
BRDA:111,13,0,0
BRDA:111,13,1,0
BRDA:120,14,0,0
BRDA:120,14,1,0
BRDA:136,15,0,0
BRDA:136,15,1,0
BRDA:139,16,0,0
BRDA:139,16,1,0
BRDA:141,17,0,0
BRDA:141,17,1,0
BRDA:142,18,0,0
BRDA:142,18,1,0
BRDA:163,19,0,0
BRDA:163,19,1,0
BRDA:170,20,0,0
BRDA:170,20,1,0
BRDA:179,21,0,0
BRDA:179,21,1,0
BRDA:184,22,0,0
BRDA:184,22,1,0
BRDA:188,23,0,0
BRDA:188,23,1,0
BRDA:189,24,0,0
BRDA:189,24,1,0
BRDA:195,25,0,0
BRDA:195,25,1,0
BRDA:204,26,0,0
BRDA:204,26,1,0
BRDA:206,27,0,0
BRDA:206,27,1,0
BRDA:211,28,0,0
BRDA:211,28,1,0
BRDA:227,29,0,0
BRDA:227,29,1,0
BRDA:230,30,0,0
BRDA:230,30,1,0
BRDA:231,31,0,0
BRDA:231,31,1,0
BRDA:232,32,0,0
BRDA:232,32,1,0
BRDA:233,33,0,0
BRDA:233,33,1,0
BRDA:234,34,0,0
BRDA:234,34,1,0
BRDA:235,35,0,0
BRDA:235,35,1,0
BRDA:236,36,0,0
BRDA:236,36,1,0
BRDA:253,37,0,0
BRDA:253,37,1,0
BRDA:267,38,0,0
BRDA:267,38,1,0
BRDA:267,39,0,0
BRDA:267,39,1,0
BRDA:273,40,0,0
BRDA:273,40,1,0
BRDA:277,41,0,0
BRDA:277,41,1,0
BRDA:277,42,0,0
BRDA:277,42,1,0
BRDA:278,43,0,0
BRDA:278,43,1,0
BRDA:278,44,0,0
BRDA:278,44,1,0
BRDA:297,45,0,0
BRDA:297,45,1,0
BRDA:303,46,0,0
BRDA:303,46,1,0
BRDA:311,47,0,0
BRDA:311,47,1,0
BRDA:314,48,0,0
BRDA:314,48,1,0
BRDA:319,49,0,0
BRDA:319,49,1,0
BRDA:347,50,0,0
BRDA:347,50,1,0
BRDA:353,51,0,0
BRDA:353,51,1,0
BRDA:362,52,0,0
BRDA:362,52,1,0
BRF:108
BRH:0
end_of_record
TN:
SF:src\services\webhookService.js
FN:6,deliverTaskCompletionWebhook
FN:18,(anonymous_1)
FNF:2
FNH:0
FNDA:0,deliverTaskCompletionWebhook
FNDA:0,(anonymous_1)
DA:4,0
DA:12,0
DA:13,0
DA:14,0
DA:15,0
DA:18,0
DA:20,0
DA:21,0
DA:22,0
DA:32,0
DA:33,0
DA:35,0
DA:36,0
DA:46,0
DA:49,0
LF:15
LH:0
BRDA:20,0,0,0
BRDA:20,0,1,0
BRDA:21,1,0,0
BRDA:21,1,1,0
BRDA:29,2,0,0
BRDA:29,2,1,0
BRDA:33,3,0,0
BRDA:33,3,1,0
BRDA:35,4,0,0
BRDA:35,4,1,0
BRF:10
BRH:0
end_of_record
TN:
SF:src\socket\socketHub.js
FN:3,setSocketIo
FN:7,emitToProject
FNF:2
FNH:0
FNDA:0,setSocketIo
FNDA:0,emitToProject
DA:1,0
DA:4,0
DA:8,0
DA:9,0
LF:4
LH:0
BRDA:8,0,0,0
BRDA:8,0,1,0
BRF:2
BRH:0
end_of_record
TN:
SF:src\utils\apiResponse.js
FN:1,ok
FN:5,fail
FNF:2
FNH:0
FNDA:0,ok
FNDA:0,fail
DA:2,0
DA:6,0
LF:2
LH:0
BRDA:1,0,0,0
BRDA:5,1,0,0
BRDA:5,2,0,0
BRF:3
BRH:0
end_of_record
